\BOOKMARK [0][-]{chapter.1}{\376\377\0001\000\040\000\315\000n\000d\000i\000c\000e\000\040\000d\000e\000\040\000e\000s\000p\000a\000c\000i\000o\000s\000\040\000d\000e\000\040\000n\000o\000m\000b\000r\000e\000s}{}% 1
\BOOKMARK [1][-]{section.1.1}{\376\377\0001\000.\0001\000\040\000L\000i\000s\000t\000a\000\040\000d\000e\000\040\000e\000s\000p\000a\000c\000i\000o\000s\000\040\000d\000e\000\040\000n\000o\000m\000b\000r\000e\000s}{chapter.1}% 2
\BOOKMARK [0][-]{chapter.2}{\376\377\0002\000\040\000\315\000n\000d\000i\000c\000e\000\040\000j\000e\000r\000\341\000r\000q\000u\000i\000c\000o}{}% 3
\BOOKMARK [1][-]{section.2.1}{\376\377\0002\000.\0001\000\040\000J\000e\000r\000a\000r\000q\000u\000\355\000a\000\040\000d\000e\000\040\000c\000l\000a\000s\000e\000s}{chapter.2}% 4
\BOOKMARK [0][-]{chapter.3}{\376\377\0003\000\040\000\315\000n\000d\000i\000c\000e\000\040\000d\000e\000\040\000c\000l\000a\000s\000e\000s}{}% 5
\BOOKMARK [1][-]{section.3.1}{\376\377\0003\000.\0001\000\040\000L\000i\000s\000t\000a\000\040\000d\000e\000\040\000c\000l\000a\000s\000e\000s}{chapter.3}% 6
\BOOKMARK [0][-]{chapter.4}{\376\377\0004\000\040\000\315\000n\000d\000i\000c\000e\000\040\000d\000e\000\040\000a\000r\000c\000h\000i\000v\000o\000s}{}% 7
\BOOKMARK [1][-]{section.4.1}{\376\377\0004\000.\0001\000\040\000L\000i\000s\000t\000a\000\040\000d\000e\000\040\000a\000r\000c\000h\000i\000v\000o\000s}{chapter.4}% 8
\BOOKMARK [0][-]{chapter.5}{\376\377\0005\000\040\000D\000o\000c\000u\000m\000e\000n\000t\000a\000c\000i\000\363\000n\000\040\000d\000e\000\040\000e\000s\000p\000a\000c\000i\000o\000s\000\040\000d\000e\000\040\000n\000o\000m\000b\000r\000e\000s}{}% 9
\BOOKMARK [1][-]{section.5.1}{\376\377\0005\000.\0001\000\040\000P\000a\000q\000u\000e\000t\000e\000\040\000c\000o\000m\000.\000e\000x\000a\000m\000p\000l\000e\000.\000a\000p\000l\000i\000c\000a\000c\000i\000o\000n\000\137\0003\000r\000o}{chapter.5}% 10
\BOOKMARK [0][-]{chapter.6}{\376\377\0006\000\040\000D\000o\000c\000u\000m\000e\000n\000t\000a\000c\000i\000\363\000n\000\040\000d\000e\000\040\000c\000l\000a\000s\000e\000s}{}% 11
\BOOKMARK [1][-]{section.6.1}{\376\377\0006\000.\0001\000\040\000R\000e\000f\000e\000r\000e\000n\000c\000i\000a\000\040\000d\000e\000\040\000l\000a\000\040\000i\000n\000t\000e\000r\000f\000a\000c\000e\000\040\000c\000o\000m\000.\000e\000x\000a\000m\000p\000l\000e\000.\000a\000p\000l\000i\000c\000a\000c\000i\000o\000n\000\137\0003\000r\000o\000.\000A\000p\000i\000S\000e\000r\000v\000i\000c\000e}{chapter.6}% 12
\BOOKMARK [2][-]{subsection.6.1.1}{\376\377\0006\000.\0001\000.\0001\000\040\000D\000e\000s\000c\000r\000i\000p\000c\000i\000\363\000n\000\040\000d\000e\000t\000a\000l\000l\000a\000d\000a}{section.6.1}% 13
\BOOKMARK [2][-]{subsection.6.1.2}{\376\377\0006\000.\0001\000.\0002\000\040\000D\000o\000c\000u\000m\000e\000n\000t\000a\000c\000i\000\363\000n\000\040\000d\000e\000\040\000f\000u\000n\000c\000i\000o\000n\000e\000s\000\040\000m\000i\000e\000m\000b\000r\000o}{section.6.1}% 14
\BOOKMARK [3][-]{subsubsection.6.1.2.1}{\376\377\0006\000.\0001\000.\0002\000.\0001\000\040\000e\000n\000v\000i\000a\000r\000M\000e\000d\000i\000c\000i\000o\000n\000e\000s\000\050\000\051}{subsection.6.1.2}% 15
\BOOKMARK [1][-]{section.6.2}{\376\377\0006\000.\0002\000\040\000R\000e\000f\000e\000r\000e\000n\000c\000i\000a\000\040\000d\000e\000\040\000l\000a\000\040\000c\000l\000a\000s\000e\000\040\000c\000o\000m\000.\000e\000x\000a\000m\000p\000l\000e\000.\000a\000p\000l\000i\000c\000a\000c\000i\000o\000n\000\137\0003\000r\000o\000.\000M\000a\000i\000n\000A\000c\000t\000i\000v\000i\000t\000y}{chapter.6}% 16
\BOOKMARK [2][-]{subsection.6.2.1}{\376\377\0006\000.\0002\000.\0001\000\040\000D\000e\000s\000c\000r\000i\000p\000c\000i\000\363\000n\000\040\000d\000e\000t\000a\000l\000l\000a\000d\000a}{section.6.2}% 17
\BOOKMARK [2][-]{subsection.6.2.2}{\376\377\0006\000.\0002\000.\0002\000\040\000D\000o\000c\000u\000m\000e\000n\000t\000a\000c\000i\000\363\000n\000\040\000d\000e\000\040\000f\000u\000n\000c\000i\000o\000n\000e\000s\000\040\000m\000i\000e\000m\000b\000r\000o}{section.6.2}% 18
\BOOKMARK [3][-]{subsubsection.6.2.2.1}{\376\377\0006\000.\0002\000.\0002\000.\0001\000\040\000b\000o\000t\000o\000n\000B\000u\000s\000c\000a\000r\000D\000i\000s\000p\000o\000s\000i\000t\000i\000v\000o\000s\000B\000T\000L\000E\000P\000u\000l\000s\000a\000d\000o\000\050\000\051}{subsection.6.2.2}% 19
\BOOKMARK [3][-]{subsubsection.6.2.2.2}{\376\377\0006\000.\0002\000.\0002\000.\0002\000\040\000b\000o\000t\000o\000n\000B\000u\000s\000c\000a\000r\000N\000u\000e\000s\000t\000r\000o\000D\000i\000s\000p\000o\000s\000i\000t\000i\000v\000o\000B\000T\000L\000E\000P\000u\000l\000s\000a\000d\000o\000\050\000\051}{subsection.6.2.2}% 20
\BOOKMARK [3][-]{subsubsection.6.2.2.3}{\376\377\0006\000.\0002\000.\0002\000.\0003\000\040\000b\000o\000t\000o\000n\000D\000e\000t\000e\000n\000e\000r\000B\000u\000s\000q\000u\000e\000d\000a\000D\000i\000s\000p\000o\000s\000i\000t\000i\000v\000o\000s\000B\000T\000L\000E\000P\000u\000l\000s\000a\000d\000o\000\050\000\051}{subsection.6.2.2}% 21
\BOOKMARK [3][-]{subsubsection.6.2.2.4}{\376\377\0006\000.\0002\000.\0002\000.\0004\000\040\000b\000u\000s\000c\000a\000r\000E\000s\000t\000e\000D\000i\000s\000p\000o\000s\000i\000t\000i\000v\000o\000B\000T\000L\000E\000\050\000\051}{subsection.6.2.2}% 22
\BOOKMARK [3][-]{subsubsection.6.2.2.5}{\376\377\0006\000.\0002\000.\0002\000.\0005\000\040\000b\000u\000s\000c\000a\000r\000T\000o\000d\000o\000s\000L\000o\000s\000D\000i\000s\000p\000o\000s\000i\000t\000i\000v\000o\000s\000B\000T\000L\000E\000\050\000\051}{subsection.6.2.2}% 23
\BOOKMARK [3][-]{subsubsection.6.2.2.6}{\376\377\0006\000.\0002\000.\0002\000.\0006\000\040\000d\000e\000t\000e\000n\000e\000r\000B\000u\000s\000q\000u\000e\000d\000a\000D\000i\000s\000p\000o\000s\000i\000t\000i\000v\000o\000s\000B\000T\000L\000E\000\050\000\051}{subsection.6.2.2}% 24
\BOOKMARK [3][-]{subsubsection.6.2.2.7}{\376\377\0006\000.\0002\000.\0002\000.\0007\000\040\000e\000n\000v\000i\000a\000r\000D\000a\000t\000o\000s\000A\000l\000S\000e\000r\000v\000i\000d\000o\000r\000\050\000\051}{subsection.6.2.2}% 25
\BOOKMARK [3][-]{subsubsection.6.2.2.8}{\376\377\0006\000.\0002\000.\0002\000.\0008\000\040\000i\000n\000i\000c\000i\000a\000l\000i\000z\000a\000r\000B\000l\000u\000e\000T\000o\000o\000t\000h\000\050\000\051}{subsection.6.2.2}% 26
\BOOKMARK [3][-]{subsubsection.6.2.2.9}{\376\377\0006\000.\0002\000.\0002\000.\0009\000\040\000m\000o\000s\000t\000r\000a\000r\000I\000n\000f\000o\000r\000m\000a\000c\000i\000o\000n\000D\000i\000s\000p\000o\000s\000i\000t\000i\000v\000o\000B\000T\000L\000E\000\050\000\051}{subsection.6.2.2}% 27
\BOOKMARK [3][-]{subsubsection.6.2.2.10}{\376\377\0006\000.\0002\000.\0002\000.\0001\0000\000\040\000o\000b\000t\000e\000n\000e\000r\000T\000i\000p\000o\000D\000e\000S\000e\000n\000s\000o\000r\000\050\000\051}{subsection.6.2.2}% 28
\BOOKMARK [3][-]{subsubsection.6.2.2.11}{\376\377\0006\000.\0002\000.\0002\000.\0001\0001\000\040\000o\000n\000C\000r\000e\000a\000t\000e\000\050\000\051}{subsection.6.2.2}% 29
\BOOKMARK [3][-]{subsubsection.6.2.2.12}{\376\377\0006\000.\0002\000.\0002\000.\0001\0002\000\040\000o\000n\000R\000e\000q\000u\000e\000s\000t\000P\000e\000r\000m\000i\000s\000s\000i\000o\000n\000s\000R\000e\000s\000u\000l\000t\000\050\000\051}{subsection.6.2.2}% 30
\BOOKMARK [2][-]{subsection.6.2.3}{\376\377\0006\000.\0002\000.\0003\000\040\000D\000o\000c\000u\000m\000e\000n\000t\000a\000c\000i\000\363\000n\000\040\000d\000e\000\040\000d\000a\000t\000o\000s\000\040\000m\000i\000e\000m\000b\000r\000o}{section.6.2}% 31
\BOOKMARK [3][-]{subsubsection.6.2.3.1}{\376\377\0006\000.\0002\000.\0003\000.\0001\000\040\000a\000p\000i\000S\000e\000r\000v\000i\000c\000e}{subsection.6.2.3}% 32
\BOOKMARK [3][-]{subsubsection.6.2.3.2}{\376\377\0006\000.\0002\000.\0003\000.\0002\000\040\000c\000a\000l\000l\000b\000a\000c\000k\000D\000e\000l\000E\000s\000c\000a\000n\000e\000o}{subsection.6.2.3}% 33
\BOOKMARK [3][-]{subsubsection.6.2.3.3}{\376\377\0006\000.\0002\000.\0003\000.\0003\000\040\000C\000O\000D\000I\000G\000O\000\137\000P\000E\000T\000I\000C\000I\000O\000N\000\137\000P\000E\000R\000M\000I\000S\000O\000S}{subsection.6.2.3}% 34
\BOOKMARK [3][-]{subsubsection.6.2.3.4}{\376\377\0006\000.\0002\000.\0003\000.\0004\000\040\000e\000l\000E\000s\000c\000a\000n\000n\000e\000r}{subsection.6.2.3}% 35
\BOOKMARK [3][-]{subsubsection.6.2.3.5}{\376\377\0006\000.\0002\000.\0003\000.\0005\000\040\000E\000T\000I\000Q\000U\000E\000T\000A\000\137\000L\000O\000G}{subsection.6.2.3}% 36
\BOOKMARK [3][-]{subsubsection.6.2.3.6}{\376\377\0006\000.\0002\000.\0003\000.\0006\000\040\000v\000a\000l\000o\000r\0001}{subsection.6.2.3}% 37
\BOOKMARK [3][-]{subsubsection.6.2.3.7}{\376\377\0006\000.\0002\000.\0003\000.\0007\000\040\000v\000a\000l\000o\000r\0002}{subsection.6.2.3}% 38
\BOOKMARK [1][-]{section.6.3}{\376\377\0006\000.\0003\000\040\000R\000e\000f\000e\000r\000e\000n\000c\000i\000a\000\040\000d\000e\000\040\000l\000a\000\040\000c\000l\000a\000s\000e\000\040\000c\000o\000m\000.\000e\000x\000a\000m\000p\000l\000e\000.\000a\000p\000l\000i\000c\000a\000c\000i\000o\000n\000\137\0003\000r\000o\000.\000M\000e\000d\000i\000c\000i\000o\000n}{chapter.6}% 39
\BOOKMARK [2][-]{subsection.6.3.1}{\376\377\0006\000.\0003\000.\0001\000\040\000D\000e\000s\000c\000r\000i\000p\000c\000i\000\363\000n\000\040\000d\000e\000t\000a\000l\000l\000a\000d\000a}{section.6.3}% 40
\BOOKMARK [2][-]{subsection.6.3.2}{\376\377\0006\000.\0003\000.\0002\000\040\000D\000o\000c\000u\000m\000e\000n\000t\000a\000c\000i\000\363\000n\000\040\000d\000e\000\040\000c\000o\000n\000s\000t\000r\000u\000c\000t\000o\000r\000e\000s\000\040\000y\000\040\000d\000e\000s\000t\000r\000u\000c\000t\000o\000r\000e\000s}{section.6.3}% 41
\BOOKMARK [3][-]{subsubsection.6.3.2.1}{\376\377\0006\000.\0003\000.\0002\000.\0001\000\040\000M\000e\000d\000i\000c\000i\000o\000n\000\050\000\051}{subsection.6.3.2}% 42
\BOOKMARK [2][-]{subsection.6.3.3}{\376\377\0006\000.\0003\000.\0003\000\040\000D\000o\000c\000u\000m\000e\000n\000t\000a\000c\000i\000\363\000n\000\040\000d\000e\000\040\000f\000u\000n\000c\000i\000o\000n\000e\000s\000\040\000m\000i\000e\000m\000b\000r\000o}{section.6.3}% 43
\BOOKMARK [3][-]{subsubsection.6.3.3.1}{\376\377\0006\000.\0003\000.\0003\000.\0001\000\040\000g\000e\000t\000D\000a\000t\000o\000\050\000\051}{subsection.6.3.3}% 44
\BOOKMARK [3][-]{subsubsection.6.3.3.2}{\376\377\0006\000.\0003\000.\0003\000.\0002\000\040\000g\000e\000t\000I\000d\000\137\000t\000i\000p\000o\000\050\000\051}{subsection.6.3.3}% 45
\BOOKMARK [3][-]{subsubsection.6.3.3.3}{\376\377\0006\000.\0003\000.\0003\000.\0003\000\040\000g\000e\000t\000I\000d\000\137\000u\000s\000u\000a\000r\000i\000o\000\050\000\051}{subsection.6.3.3}% 46
\BOOKMARK [3][-]{subsubsection.6.3.3.4}{\376\377\0006\000.\0003\000.\0003\000.\0004\000\040\000s\000e\000t\000D\000a\000t\000o\000\050\000\051}{subsection.6.3.3}% 47
\BOOKMARK [3][-]{subsubsection.6.3.3.5}{\376\377\0006\000.\0003\000.\0003\000.\0005\000\040\000s\000e\000t\000I\000d\000\137\000t\000i\000p\000o\000\050\000\051}{subsection.6.3.3}% 48
\BOOKMARK [3][-]{subsubsection.6.3.3.6}{\376\377\0006\000.\0003\000.\0003\000.\0006\000\040\000s\000e\000t\000I\000d\000\137\000u\000s\000u\000a\000r\000i\000o\000\050\000\051}{subsection.6.3.3}% 49
\BOOKMARK [2][-]{subsection.6.3.4}{\376\377\0006\000.\0003\000.\0004\000\040\000D\000o\000c\000u\000m\000e\000n\000t\000a\000c\000i\000\363\000n\000\040\000d\000e\000\040\000d\000a\000t\000o\000s\000\040\000m\000i\000e\000m\000b\000r\000o}{section.6.3}% 50
\BOOKMARK [3][-]{subsubsection.6.3.4.1}{\376\377\0006\000.\0003\000.\0004\000.\0001\000\040\000d\000a\000t\000o}{subsection.6.3.4}% 51
\BOOKMARK [3][-]{subsubsection.6.3.4.2}{\376\377\0006\000.\0003\000.\0004\000.\0002\000\040\000i\000d\000\137\000t\000i\000p\000o}{subsection.6.3.4}% 52
\BOOKMARK [3][-]{subsubsection.6.3.4.3}{\376\377\0006\000.\0003\000.\0004\000.\0003\000\040\000i\000d\000\137\000u\000s\000u\000a\000r\000i\000o}{subsection.6.3.4}% 53
\BOOKMARK [1][-]{section.6.4}{\376\377\0006\000.\0004\000\040\000R\000e\000f\000e\000r\000e\000n\000c\000i\000a\000\040\000d\000e\000\040\000l\000a\000\040\000c\000l\000a\000s\000e\000\040\000c\000o\000m\000.\000e\000x\000a\000m\000p\000l\000e\000.\000a\000p\000l\000i\000c\000a\000c\000i\000o\000n\000\137\0003\000r\000o\000.\000T\000r\000a\000m\000a\000I\000B\000e\000a\000c\000o\000n}{chapter.6}% 54
\BOOKMARK [2][-]{subsection.6.4.1}{\376\377\0006\000.\0004\000.\0001\000\040\000D\000e\000s\000c\000r\000i\000p\000c\000i\000\363\000n\000\040\000d\000e\000t\000a\000l\000l\000a\000d\000a}{section.6.4}% 55
\BOOKMARK [2][-]{subsection.6.4.2}{\376\377\0006\000.\0004\000.\0002\000\040\000D\000o\000c\000u\000m\000e\000n\000t\000a\000c\000i\000\363\000n\000\040\000d\000e\000\040\000c\000o\000n\000s\000t\000r\000u\000c\000t\000o\000r\000e\000s\000\040\000y\000\040\000d\000e\000s\000t\000r\000u\000c\000t\000o\000r\000e\000s}{section.6.4}% 56
\BOOKMARK [3][-]{subsubsection.6.4.2.1}{\376\377\0006\000.\0004\000.\0002\000.\0001\000\040\000T\000r\000a\000m\000a\000I\000B\000e\000a\000c\000o\000n\000\050\000\051}{subsection.6.4.2}% 57
\BOOKMARK [2][-]{subsection.6.4.3}{\376\377\0006\000.\0004\000.\0003\000\040\000D\000o\000c\000u\000m\000e\000n\000t\000a\000c\000i\000\363\000n\000\040\000d\000e\000\040\000f\000u\000n\000c\000i\000o\000n\000e\000s\000\040\000m\000i\000e\000m\000b\000r\000o}{section.6.4}% 58
\BOOKMARK [3][-]{subsubsection.6.4.3.1}{\376\377\0006\000.\0004\000.\0003\000.\0001\000\040\000g\000e\000t\000A\000d\000v\000F\000l\000a\000g\000s\000\050\000\051}{subsection.6.4.3}% 59
\BOOKMARK [3][-]{subsubsection.6.4.3.2}{\376\377\0006\000.\0004\000.\0003\000.\0002\000\040\000g\000e\000t\000A\000d\000v\000H\000e\000a\000d\000e\000r\000\050\000\051}{subsection.6.4.3}% 60
\BOOKMARK [3][-]{subsubsection.6.4.3.3}{\376\377\0006\000.\0004\000.\0003\000.\0003\000\040\000g\000e\000t\000C\000o\000m\000p\000a\000n\000y\000I\000D\000\050\000\051}{subsection.6.4.3}% 61
\BOOKMARK [3][-]{subsubsection.6.4.3.4}{\376\377\0006\000.\0004\000.\0003\000.\0004\000\040\000g\000e\000t\000i\000B\000e\000a\000c\000o\000n\000L\000e\000n\000g\000t\000h\000\050\000\051}{subsection.6.4.3}% 62
\BOOKMARK [3][-]{subsubsection.6.4.3.5}{\376\377\0006\000.\0004\000.\0003\000.\0005\000\040\000g\000e\000t\000i\000B\000e\000a\000c\000o\000n\000T\000y\000p\000e\000\050\000\051}{subsection.6.4.3}% 63
\BOOKMARK [3][-]{subsubsection.6.4.3.6}{\376\377\0006\000.\0004\000.\0003\000.\0006\000\040\000g\000e\000t\000L\000o\000s\000B\000y\000t\000e\000s\000\050\000\051}{subsection.6.4.3}% 64
\BOOKMARK [3][-]{subsubsection.6.4.3.7}{\376\377\0006\000.\0004\000.\0003\000.\0007\000\040\000g\000e\000t\000M\000a\000j\000o\000r\000\050\000\051}{subsection.6.4.3}% 65
\BOOKMARK [3][-]{subsubsection.6.4.3.8}{\376\377\0006\000.\0004\000.\0003\000.\0008\000\040\000g\000e\000t\000M\000i\000n\000o\000r\000\050\000\051}{subsection.6.4.3}% 66
\BOOKMARK [3][-]{subsubsection.6.4.3.9}{\376\377\0006\000.\0004\000.\0003\000.\0009\000\040\000g\000e\000t\000P\000r\000e\000f\000i\000j\000o\000\050\000\051}{subsection.6.4.3}% 67
\BOOKMARK [3][-]{subsubsection.6.4.3.10}{\376\377\0006\000.\0004\000.\0003\000.\0001\0000\000\040\000g\000e\000t\000T\000x\000P\000o\000w\000e\000r\000\050\000\051}{subsection.6.4.3}% 68
\BOOKMARK [3][-]{subsubsection.6.4.3.11}{\376\377\0006\000.\0004\000.\0003\000.\0001\0001\000\040\000g\000e\000t\000U\000U\000I\000D\000\050\000\051}{subsection.6.4.3}% 69
\BOOKMARK [2][-]{subsection.6.4.4}{\376\377\0006\000.\0004\000.\0004\000\040\000D\000o\000c\000u\000m\000e\000n\000t\000a\000c\000i\000\363\000n\000\040\000d\000e\000\040\000d\000a\000t\000o\000s\000\040\000m\000i\000e\000m\000b\000r\000o}{section.6.4}% 70
\BOOKMARK [3][-]{subsubsection.6.4.4.1}{\376\377\0006\000.\0004\000.\0004\000.\0001\000\040\000a\000d\000v\000F\000l\000a\000g\000s}{subsection.6.4.4}% 71
\BOOKMARK [3][-]{subsubsection.6.4.4.2}{\376\377\0006\000.\0004\000.\0004\000.\0002\000\040\000a\000d\000v\000H\000e\000a\000d\000e\000r}{subsection.6.4.4}% 72
\BOOKMARK [3][-]{subsubsection.6.4.4.3}{\376\377\0006\000.\0004\000.\0004\000.\0003\000\040\000c\000o\000m\000p\000a\000n\000y\000I\000D}{subsection.6.4.4}% 73
\BOOKMARK [3][-]{subsubsection.6.4.4.4}{\376\377\0006\000.\0004\000.\0004\000.\0004\000\040\000i\000B\000e\000a\000c\000o\000n\000L\000e\000n\000g\000t\000h}{subsection.6.4.4}% 74
\BOOKMARK [3][-]{subsubsection.6.4.4.5}{\376\377\0006\000.\0004\000.\0004\000.\0005\000\040\000i\000B\000e\000a\000c\000o\000n\000T\000y\000p\000e}{subsection.6.4.4}% 75
\BOOKMARK [3][-]{subsubsection.6.4.4.6}{\376\377\0006\000.\0004\000.\0004\000.\0006\000\040\000l\000o\000s\000B\000y\000t\000e\000s}{subsection.6.4.4}% 76
\BOOKMARK [3][-]{subsubsection.6.4.4.7}{\376\377\0006\000.\0004\000.\0004\000.\0007\000\040\000m\000a\000j\000o\000r}{subsection.6.4.4}% 77
\BOOKMARK [3][-]{subsubsection.6.4.4.8}{\376\377\0006\000.\0004\000.\0004\000.\0008\000\040\000m\000i\000n\000o\000r}{subsection.6.4.4}% 78
\BOOKMARK [3][-]{subsubsection.6.4.4.9}{\376\377\0006\000.\0004\000.\0004\000.\0009\000\040\000n\000o\000a\000d\000v\000F\000l\000a\000g\000s}{subsection.6.4.4}% 79
\BOOKMARK [3][-]{subsubsection.6.4.4.10}{\376\377\0006\000.\0004\000.\0004\000.\0001\0000\000\040\000p\000r\000e\000f\000i\000j\000o}{subsection.6.4.4}% 80
\BOOKMARK [3][-]{subsubsection.6.4.4.11}{\376\377\0006\000.\0004\000.\0004\000.\0001\0001\000\040\000t\000x\000P\000o\000w\000e\000r}{subsection.6.4.4}% 81
\BOOKMARK [3][-]{subsubsection.6.4.4.12}{\376\377\0006\000.\0004\000.\0004\000.\0001\0002\000\040\000u\000u\000i\000d}{subsection.6.4.4}% 82
\BOOKMARK [1][-]{section.6.5}{\376\377\0006\000.\0005\000\040\000R\000e\000f\000e\000r\000e\000n\000c\000i\000a\000\040\000d\000e\000\040\000l\000a\000\040\000c\000l\000a\000s\000e\000\040\000c\000o\000m\000.\000e\000x\000a\000m\000p\000l\000e\000.\000a\000p\000l\000i\000c\000a\000c\000i\000o\000n\000\137\0003\000r\000o\000.\000U\000t\000i\000l\000i\000d\000a\000d\000e\000s}{chapter.6}% 83
\BOOKMARK [2][-]{subsection.6.5.1}{\376\377\0006\000.\0005\000.\0001\000\040\000D\000e\000s\000c\000r\000i\000p\000c\000i\000\363\000n\000\040\000d\000e\000t\000a\000l\000l\000a\000d\000a}{section.6.5}% 84
\BOOKMARK [2][-]{subsection.6.5.2}{\376\377\0006\000.\0005\000.\0002\000\040\000D\000o\000c\000u\000m\000e\000n\000t\000a\000c\000i\000\363\000n\000\040\000d\000e\000\040\000f\000u\000n\000c\000i\000o\000n\000e\000s\000\040\000m\000i\000e\000m\000b\000r\000o}{section.6.5}% 85
\BOOKMARK [3][-]{subsubsection.6.5.2.1}{\376\377\0006\000.\0005\000.\0002\000.\0001\000\040\000b\000y\000t\000e\000s\000T\000o\000H\000e\000x\000S\000t\000r\000i\000n\000g\000\050\000\051}{subsection.6.5.2}% 86
\BOOKMARK [3][-]{subsubsection.6.5.2.2}{\376\377\0006\000.\0005\000.\0002\000.\0002\000\040\000b\000y\000t\000e\000s\000T\000o\000I\000n\000t\000\050\000\051}{subsection.6.5.2}% 87
\BOOKMARK [3][-]{subsubsection.6.5.2.3}{\376\377\0006\000.\0005\000.\0002\000.\0003\000\040\000b\000y\000t\000e\000s\000T\000o\000I\000n\000t\000O\000K\000\050\000\051}{subsection.6.5.2}% 88
\BOOKMARK [3][-]{subsubsection.6.5.2.4}{\376\377\0006\000.\0005\000.\0002\000.\0004\000\040\000b\000y\000t\000e\000s\000T\000o\000L\000o\000n\000g\000\050\000\051}{subsection.6.5.2}% 89
\BOOKMARK [3][-]{subsubsection.6.5.2.5}{\376\377\0006\000.\0005\000.\0002\000.\0005\000\040\000b\000y\000t\000e\000s\000T\000o\000S\000t\000r\000i\000n\000g\000\050\000\051}{subsection.6.5.2}% 90
\BOOKMARK [3][-]{subsubsection.6.5.2.6}{\376\377\0006\000.\0005\000.\0002\000.\0006\000\040\000d\000o\000s\000L\000o\000n\000g\000T\000o\000B\000y\000t\000e\000s\000\050\000\051}{subsection.6.5.2}% 91
\BOOKMARK [3][-]{subsubsection.6.5.2.7}{\376\377\0006\000.\0005\000.\0002\000.\0007\000\040\000s\000t\000r\000i\000n\000g\000T\000o\000B\000y\000t\000e\000s\000\050\000\051}{subsection.6.5.2}% 92
\BOOKMARK [3][-]{subsubsection.6.5.2.8}{\376\377\0006\000.\0005\000.\0002\000.\0008\000\040\000s\000t\000r\000i\000n\000g\000T\000o\000U\000U\000I\000D\000\050\000\051}{subsection.6.5.2}% 93
\BOOKMARK [3][-]{subsubsection.6.5.2.9}{\376\377\0006\000.\0005\000.\0002\000.\0009\000\040\000u\000u\000i\000d\000T\000o\000H\000e\000x\000S\000t\000r\000i\000n\000g\000\050\000\051}{subsection.6.5.2}% 94
\BOOKMARK [3][-]{subsubsection.6.5.2.10}{\376\377\0006\000.\0005\000.\0002\000.\0001\0000\000\040\000u\000u\000i\000d\000T\000o\000S\000t\000r\000i\000n\000g\000\050\000\051}{subsection.6.5.2}% 95
\BOOKMARK [0][-]{chapter.7}{\376\377\0007\000\040\000D\000o\000c\000u\000m\000e\000n\000t\000a\000c\000i\000\363\000n\000\040\000d\000e\000\040\000a\000r\000c\000h\000i\000v\000o\000s}{}% 96
\BOOKMARK [1][-]{section.7.1}{\376\377\0007\000.\0001\000\040\000R\000e\000f\000e\000r\000e\000n\000c\000i\000a\000\040\000d\000e\000l\000\040\000a\000r\000c\000h\000i\000v\000o\000\040\000B\000T\000L\000E\000A\000l\000u\000m\000n\000o\000s\0002\0000\0002\0001\000/\000A\000p\000l\000i\000c\000a\000c\000i\000o\000n\000\137\0003\000r\000o\000/\000a\000p\000p\000/\000s\000r\000c\000/\000m\000a\000i\000n\000/\000j\000a\000v\000a\000/\000c\000o\000m\000/\000e\000x\000a\000m\000p\000l\000e\000/\000a\000p\000l\000i\000c\000a\000c\000i\000o\000n\000\137\0003\000r\000o\000/\000A\000p\000i\000S\000e\000r\000v\000i\000c\000e\000.\000j\000a\000v\000a}{chapter.7}% 97
\BOOKMARK [1][-]{section.7.2}{\376\377\0007\000.\0002\000\040\000R\000e\000f\000e\000r\000e\000n\000c\000i\000a\000\040\000d\000e\000l\000\040\000a\000r\000c\000h\000i\000v\000o\000\040\000B\000T\000L\000E\000A\000l\000u\000m\000n\000o\000s\0002\0000\0002\0001\000/\000A\000p\000l\000i\000c\000a\000c\000i\000o\000n\000\137\0003\000r\000o\000/\000a\000p\000p\000/\000s\000r\000c\000/\000m\000a\000i\000n\000/\000j\000a\000v\000a\000/\000c\000o\000m\000/\000e\000x\000a\000m\000p\000l\000e\000/\000a\000p\000l\000i\000c\000a\000c\000i\000o\000n\000\137\0003\000r\000o\000/\000M\000a\000i\000n\000A\000c\000t\000i\000v\000i\000t\000y\000.\000j\000a\000v\000a}{chapter.7}% 98
\BOOKMARK [1][-]{section.7.3}{\376\377\0007\000.\0003\000\040\000R\000e\000f\000e\000r\000e\000n\000c\000i\000a\000\040\000d\000e\000l\000\040\000a\000r\000c\000h\000i\000v\000o\000\040\000B\000T\000L\000E\000A\000l\000u\000m\000n\000o\000s\0002\0000\0002\0001\000/\000A\000p\000l\000i\000c\000a\000c\000i\000o\000n\000\137\0003\000r\000o\000/\000a\000p\000p\000/\000s\000r\000c\000/\000m\000a\000i\000n\000/\000j\000a\000v\000a\000/\000c\000o\000m\000/\000e\000x\000a\000m\000p\000l\000e\000/\000a\000p\000l\000i\000c\000a\000c\000i\000o\000n\000\137\0003\000r\000o\000/\000M\000e\000d\000i\000c\000i\000o\000n\000.\000j\000a\000v\000a}{chapter.7}% 99
\BOOKMARK [1][-]{section.7.4}{\376\377\0007\000.\0004\000\040\000R\000e\000f\000e\000r\000e\000n\000c\000i\000a\000\040\000d\000e\000l\000\040\000a\000r\000c\000h\000i\000v\000o\000\040\000B\000T\000L\000E\000A\000l\000u\000m\000n\000o\000s\0002\0000\0002\0001\000/\000A\000p\000l\000i\000c\000a\000c\000i\000o\000n\000\137\0003\000r\000o\000/\000a\000p\000p\000/\000s\000r\000c\000/\000m\000a\000i\000n\000/\000j\000a\000v\000a\000/\000c\000o\000m\000/\000e\000x\000a\000m\000p\000l\000e\000/\000a\000p\000l\000i\000c\000a\000c\000i\000o\000n\000\137\0003\000r\000o\000/\000T\000r\000a\000m\000a\000I\000B\000e\000a\000c\000o\000n\000.\000j\000a\000v\000a}{chapter.7}% 100
\BOOKMARK [1][-]{section.7.5}{\376\377\0007\000.\0005\000\040\000R\000e\000f\000e\000r\000e\000n\000c\000i\000a\000\040\000d\000e\000l\000\040\000a\000r\000c\000h\000i\000v\000o\000\040\000B\000T\000L\000E\000A\000l\000u\000m\000n\000o\000s\0002\0000\0002\0001\000/\000A\000p\000l\000i\000c\000a\000c\000i\000o\000n\000\137\0003\000r\000o\000/\000a\000p\000p\000/\000s\000r\000c\000/\000m\000a\000i\000n\000/\000j\000a\000v\000a\000/\000c\000o\000m\000/\000e\000x\000a\000m\000p\000l\000e\000/\000a\000p\000l\000i\000c\000a\000c\000i\000o\000n\000\137\0003\000r\000o\000/\000U\000t\000i\000l\000i\000d\000a\000d\000e\000s\000.\000j\000a\000v\000a}{chapter.7}% 101
\BOOKMARK [0][-]{section*.63}{\376\377\000\315\000n\000d\000i\000c\000e\000\040\000a\000l\000f\000a\000b\000\351\000t\000i\000c\000o}{}% 102
