This is pdfTeX, Version 3.141592653-2.6-1.40.26 (TeX Live 2024) (preloaded format=pdflatex 2024.10.9)  10 OCT 2024 11:21
entering extended mode
 restricted \write18 enabled.
 %&-line parsing enabled.
**refman
(./refman.tex
LaTeX2e <2024-06-01> patch level 2
L3 programming layer <2024-09-10>
(c:/texlive/2024/texmf-dist/tex/generic/iftex/iftex.sty
Package: iftex 2022/02/03 v1.0f TeX engine tests
)
(c:/texlive/2024/texmf-dist/tex/latex/base/book.cls
Document Class: book 2024/02/08 v1.4n Standard LaTeX document class
(c:/texlive/2024/texmf-dist/tex/latex/base/bk10.clo
File: bk10.clo 2024/02/08 v1.4n Standard LaTeX file (size option)
)
\c@part=\count194
\c@chapter=\count195
\c@section=\count196
\c@subsection=\count197
\c@subsubsection=\count198
\c@paragraph=\count199
\c@subparagraph=\count266
\c@figure=\count267
\c@table=\count268
\abovecaptionskip=\skip49
\belowcaptionskip=\skip50
\bibindent=\dimen141
)
(c:/texlive/2024/texmf-dist/tex/latex/base/ifthen.sty
Package: ifthen 2024/03/16 v1.1e Standard LaTeX ifthen package (DPC)
)
(c:/texlive/2024/texmf-dist/tex/latex/tools/array.sty
Rollback for package 'array' requested -> date 2016-10-06.
         Best approximation is the release introduced on 2016-10-06.

(c:/texlive/2024/texmf-dist/tex/latex/tools/array-2016-10-06.sty
Package: array 2016/10/06 v2.4d Tabular extension package (FMi)
\col@sep=\dimen142
\extrarowheight=\dimen143
\NC@list=\toks17
\extratabsurround=\skip51
\backup@length=\skip52
))
(c:/texlive/2024/texmf-dist/tex/generic/infwarerr/infwarerr.sty
package info suppressed
) (./doxygen.sty
Package: doxygen 
(c:/texlive/2024/texmf-dist/tex/latex/base/alltt.sty
Package: alltt 2024/02/08 v2.0g defines alltt environment
)
(c:/texlive/2024/texmf-dist/tex/latex/tools/calc.sty
Package: calc 2023/07/08 v4.3 Infix arithmetic (KKT,FJ)
\calc@Acount=\count269
\calc@Bcount=\count270
\calc@Adimen=\dimen144
\calc@Bdimen=\dimen145
\calc@Askip=\skip53
\calc@Bskip=\skip54
LaTeX Info: Redefining \setlength on input line 80.
LaTeX Info: Redefining \addtolength on input line 81.
\calc@Ccount=\count271
\calc@Cskip=\skip55
)
(c:/texlive/2024/texmf-dist/tex/latex/float/float.sty
Package: float 2001/11/08 v1.3d Float enhancements (AL)
\c@float@type=\count272
\float@exts=\toks18
\float@box=\box52
\@float@everytoks=\toks19
\@floatcapt=\box53
)
(c:/texlive/2024/texmf-dist/tex/latex/tools/verbatim.sty
Package: verbatim 2024-01-22 v1.5x LaTeX2e package for verbatim enhancements
\every@verbatim=\toks20
\verbatim@line=\toks21
\verbatim@in@stream=\read2
)
(c:/texlive/2024/texmf-dist/tex/latex/xcolor/xcolor.sty
Package: xcolor 2023/11/15 v3.01 LaTeX color extensions (UK)

(c:/texlive/2024/texmf-dist/tex/latex/graphics-cfg/color.cfg
File: color.cfg 2016/01/02 v1.6 sample color configuration
)
Package xcolor Info: Driver file: pdftex.def on input line 274.

(c:/texlive/2024/texmf-dist/tex/latex/graphics-def/pdftex.def
File: pdftex.def 2024/04/13 v1.2c Graphics/color driver for pdftex
)
(c:/texlive/2024/texmf-dist/tex/latex/graphics/mathcolor.ltx)
Package xcolor Info: Model `cmy' substituted by `cmy0' on input line 1350.
Package xcolor Info: Model `hsb' substituted by `rgb' on input line 1354.
Package xcolor Info: Model `RGB' extended on input line 1366.
Package xcolor Info: Model `HTML' substituted by `rgb' on input line 1368.
Package xcolor Info: Model `Hsb' substituted by `hsb' on input line 1369.
Package xcolor Info: Model `tHsb' substituted by `hsb' on input line 1370.
Package xcolor Info: Model `HSB' substituted by `hsb' on input line 1371.
Package xcolor Info: Model `Gray' substituted by `gray' on input line 1372.
Package xcolor Info: Model `wave' substituted by `hsb' on input line 1373.
)
(c:/texlive/2024/texmf-dist/tex/latex/colortbl/colortbl.sty
Package: colortbl 2024/07/06 v1.0i Color table columns (DPC)
\everycr=\toks22
\minrowclearance=\skip56
\rownum=\count273
)
(./longtable_doxygen.sty
Package: longtable_doxygen 2014/10/28 v4.11 Multi-page Table package (DPC) - fr
ozen version for doxygen
\LTleft=\skip57
\LTright=\skip58
\LTpre=\skip59
\LTpost=\skip60
\LTchunksize=\count274
\LTcapwidth=\dimen146
\LT@head=\box54
\LT@firsthead=\box55
\LT@foot=\box56
\LT@lastfoot=\box57
\LT@cols=\count275
\LT@rows=\count276
\c@LT@tables=\count277
\c@LT@chunks=\count278
\LT@p@ftn=\toks23
) (./tabu_doxygen.sty
Package: tabu_doxygen 2011/02/26 v2.8 - flexible LaTeX tabulars (FC), frozen ve
rsion for doxygen

(c:/texlive/2024/texmf-dist/tex/latex/varwidth/varwidth.sty
Package: varwidth 2009/03/30 ver 0.92;  Variable-width minipages
\@vwid@box=\box58
\sift@deathcycles=\count279
\@vwid@loff=\dimen147
\@vwid@roff=\dimen148
)
\c@taburow=\count280
\tabu@nbcols=\count281
\tabu@cnt=\count282
\tabu@Xcol=\count283
\tabu@alloc=\count284
\tabu@nested=\count285
\tabu@target=\dimen149
\tabu@spreadtarget=\dimen150
\tabu@naturalX=\dimen151
\tabucolX=\dimen152
\tabu@Xsum=\dimen153
\extrarowdepth=\dimen154
\abovetabulinesep=\dimen155
\belowtabulinesep=\dimen156
\tabustrutrule=\dimen157
\tabu@thebody=\toks24
\tabu@footnotes=\toks25
\tabu@box=\box59
\tabu@arstrutbox=\box60
\tabu@hleads=\box61
\tabu@vleads=\box62
\tabu@cellskip=\skip61
)
(c:/texlive/2024/texmf-dist/tex/latex/fancyvrb/fancyvrb.sty
Package: fancyvrb 2024/01/20 4.5c verbatim text (tvz,hv)

(c:/texlive/2024/texmf-dist/tex/latex/graphics/keyval.sty
Package: keyval 2022/05/29 v1.15 key=value parser (DPC)
\KV@toks@=\toks26
)
\FV@CodeLineNo=\count286
\FV@InFile=\read3
\FV@TabBox=\box63
\c@FancyVerbLine=\count287
\FV@StepNumber=\count288
\FV@OutFile=\write3
)
(c:/texlive/2024/texmf-dist/tex/latex/tools/tabularx.sty
Package: tabularx 2023/12/11 v2.12a `tabularx' package (DPC)
\TX@col@width=\dimen158
\TX@old@table=\dimen159
\TX@old@col=\dimen160
\TX@target=\dimen161
\TX@delta=\dimen162
\TX@cols=\count289
\TX@ftn=\toks27
)
(c:/texlive/2024/texmf-dist/tex/latex/tools/multicol.sty
Package: multicol 2024/05/23 v1.9h multicolumn formatting (FMi)
\c@tracingmulticols=\count290
\mult@box=\box64
\multicol@leftmargin=\dimen163
\c@unbalance=\count291
\c@collectmore=\count292
\doublecol@number=\count293
\multicoltolerance=\count294
\multicolpretolerance=\count295
\full@width=\dimen164
\page@free=\dimen165
\premulticols=\dimen166
\postmulticols=\dimen167
\multicolsep=\skip62
\multicolbaselineskip=\skip63
\partial@page=\box65
\last@line=\box66
\mc@boxedresult=\box67
\maxbalancingoverflow=\dimen168
\mult@rightbox=\box68
\mult@grightbox=\box69
\mult@firstbox=\box70
\mult@gfirstbox=\box71
\@tempa=\box72
\@tempa=\box73
\@tempa=\box74
\@tempa=\box75
\@tempa=\box76
\@tempa=\box77
\@tempa=\box78
\@tempa=\box79
\@tempa=\box80
\@tempa=\box81
\@tempa=\box82
\@tempa=\box83
\@tempa=\box84
\@tempa=\box85
\@tempa=\box86
\@tempa=\box87
\@tempa=\box88
\@tempa=\box89
\@tempa=\box90
\@tempa=\box91
\@tempa=\box92
\@tempa=\box93
\@tempa=\box94
\@tempa=\box95
\@tempa=\box96
\@tempa=\box97
\@tempa=\box98
\@tempa=\box99
\@tempa=\box100
\@tempa=\box101
\@tempa=\box102
\@tempa=\box103
\@tempa=\box104
\@tempa=\box105
\@tempa=\box106
\@tempa=\box107
\c@minrows=\count296
\c@columnbadness=\count297
\c@finalcolumnbadness=\count298
\last@try=\dimen169
\multicolovershoot=\dimen170
\multicolundershoot=\dimen171
\mult@nat@firstbox=\box108
\colbreak@box=\box109
\mc@col@check@num=\count299
)
(c:/texlive/2024/texmf-dist/tex/latex/multirow/multirow.sty
Package: multirow 2021/03/15 v2.8 Span multiple rows of a table
\multirow@colwidth=\skip64
\multirow@cntb=\count300
\multirow@dima=\skip65
\bigstrutjot=\dimen172
)
(c:/texlive/2024/texmf-dist/tex/latex/hanging/hanging.sty
Package: hanging 2009/09/02 v1.2b hanging paragraphs and punctuation
\h@ngcommawd=\skip66
\h@ngfstopwd=\skip67
\h@ngquotewd=\skip68
\h@ngdquotewd=\skip69
\h@ngquerywd=\skip70
\h@ngexclwd=\skip71
\h@ngcolonwd=\skip72
\h@ngscolonwd=\skip73
)
(c:/texlive/2024/texmf-dist/tex/generic/iftex/ifpdf.sty
Package: ifpdf 2019/10/25 v3.4 ifpdf legacy package. Use iftex instead.
)
(c:/texlive/2024/texmf-dist/tex/latex/adjustbox/adjustbox.sty
Package: adjustbox 2022/10/17 v1.3a Adjusting TeX boxes (trim, clip, ...)

(c:/texlive/2024/texmf-dist/tex/latex/xkeyval/xkeyval.sty
Package: xkeyval 2022/06/16 v2.9 package option processing (HA)

(c:/texlive/2024/texmf-dist/tex/generic/xkeyval/xkeyval.tex
(c:/texlive/2024/texmf-dist/tex/generic/xkeyval/xkvutils.tex
\XKV@toks=\toks28
\XKV@tempa@toks=\toks29
)
\XKV@depth=\count301
File: xkeyval.tex 2014/12/03 v2.7a key=value parser (HA)
))
(c:/texlive/2024/texmf-dist/tex/latex/adjustbox/adjcalc.sty
Package: adjcalc 2012/05/16 v1.1 Provides advanced setlength with multiple back
-ends (calc, etex, pgfmath)
)
(c:/texlive/2024/texmf-dist/tex/latex/adjustbox/trimclip.sty
Package: trimclip 2020/08/19 v1.2 Trim and clip general TeX material

(c:/texlive/2024/texmf-dist/tex/latex/graphics/graphicx.sty
Package: graphicx 2021/09/16 v1.2d Enhanced LaTeX Graphics (DPC,SPQR)

(c:/texlive/2024/texmf-dist/tex/latex/graphics/graphics.sty
Package: graphics 2024/05/23 v1.4g Standard LaTeX Graphics (DPC,SPQR)

(c:/texlive/2024/texmf-dist/tex/latex/graphics/trig.sty
Package: trig 2023/12/02 v1.11 sin cos tan (DPC)
)
(c:/texlive/2024/texmf-dist/tex/latex/graphics-cfg/graphics.cfg
File: graphics.cfg 2016/06/04 v1.11 sample graphics configuration
)
Package graphics Info: Driver file: pdftex.def on input line 106.
)
\Gin@req@height=\dimen173
\Gin@req@width=\dimen174
)
(c:/texlive/2024/texmf-dist/tex/latex/collectbox/collectbox.sty
Package: collectbox 2022/10/17 v0.4c Collect macro arguments as boxes
\collectedbox=\box110
)
\tc@llx=\dimen175
\tc@lly=\dimen176
\tc@urx=\dimen177
\tc@ury=\dimen178
Package trimclip Info: Using driver 'tc-pdftex.def'.

(c:/texlive/2024/texmf-dist/tex/latex/adjustbox/tc-pdftex.def
File: tc-pdftex.def 2019/01/04 v2.2 Clipping driver for pdftex
))
\adjbox@Width=\dimen179
\adjbox@Height=\dimen180
\adjbox@Depth=\dimen181
\adjbox@Totalheight=\dimen182
\adjbox@pwidth=\dimen183
\adjbox@pheight=\dimen184
\adjbox@pdepth=\dimen185
\adjbox@ptotalheight=\dimen186

(c:/texlive/2024/texmf-dist/tex/latex/ifoddpage/ifoddpage.sty
Package: ifoddpage 2022/10/18 v1.2 Conditionals for odd/even page detection
\c@checkoddpage=\count302
))
(c:/texlive/2024/texmf-dist/tex/latex/amsfonts/amssymb.sty
Package: amssymb 2013/01/14 v3.01 AMS font symbols

(c:/texlive/2024/texmf-dist/tex/latex/amsfonts/amsfonts.sty
Package: amsfonts 2013/01/14 v3.01 Basic AMSFonts support
\@emptytoks=\toks30
\symAMSa=\mathgroup4
\symAMSb=\mathgroup5
LaTeX Font Info:    Redeclaring math symbol \hbar on input line 98.
LaTeX Font Info:    Overwriting math alphabet `\mathfrak' in version `bold'
(Font)                  U/euf/m/n --> U/euf/b/n on input line 106.
))
(c:/texlive/2024/texmf-dist/tex/latex/stackengine/stackengine.sty
Package: stackengine 2021/07/22 v4.11\ Stacking text and objects in convenient 
ways

(c:/texlive/2024/texmf-dist/tex/latex/etoolbox/etoolbox.sty
Package: etoolbox 2020/10/05 v2.5k e-TeX tools for LaTeX (JAW)
\etb@tempcnta=\count303
)
(c:/texlive/2024/texmf-dist/tex/generic/listofitems/listofitems.sty
(c:/texlive/2024/texmf-dist/tex/generic/listofitems/listofitems.tex
\loi_cnt_foreach_nest=\count304
\loi_nestcnt=\count305
)
Package: listofitems 2024/03/09 v1.65 Grab items in lists using user-specified 
sep char (CT)
)
\c@@stackindex=\count306
\@boxshift=\skip74
\stack@tmplength=\skip75
\temp@stkl=\skip76
\@stackedboxwidth=\skip77
\@addedbox=\box111
\@anchorbox=\box112
\@insetbox=\box113
\se@backgroundbox=\box114
\stackedbox=\box115
\@centerbox=\box116
\c@ROWcellindex@=\count307
)
(c:/texlive/2024/texmf-dist/tex/latex/enumitem/enumitem.sty
Package: enumitem 2019/06/20 v3.9 Customized lists
\labelindent=\skip78
\enit@outerparindent=\dimen187
\enit@toks=\toks31
\enit@inbox=\box117
\enit@count@id=\count308
\enitdp@description=\count309
)
(c:/texlive/2024/texmf-dist/tex/generic/alphalph/alphalph.sty
Package: alphalph 2019/12/09 v2.6 Convert numbers to letters (HO)

(c:/texlive/2024/texmf-dist/tex/generic/intcalc/intcalc.sty
Package: intcalc 2019/12/15 v1.3 Expandable calculations with integers (HO)
))
(c:/texlive/2024/texmf-dist/tex/generic/ulem/ulem.sty
\UL@box=\box118
\UL@hyphenbox=\box119
\UL@skip=\skip79
\UL@hook=\toks32
\UL@height=\dimen188
\UL@pe=\count310
\UL@pixel=\dimen189
\ULC@box=\box120
Package: ulem 2019/11/18
\ULdepth=\dimen190
)
\xrefbox=\box121
\xreflength=\skip80
\CodeWidthChar=\skip81
\CodeHeightChar=\skip82
\DoxyCodeWidth=\skip83
\c@DoxyEnumeratei=\count311
\c@DoxyEnumerateii=\count312
\c@DoxyEnumerateiii=\count313
\c@DoxyEnumerateiv=\count314
\c@DoxyEnumeratev=\count315
\c@DoxyEnumeratevi=\count316
\c@DoxyEnumeratevii=\count317
\c@DoxyEnumerateviii=\count318
\c@DoxyEnumerateix=\count319
\c@DoxyEnumeratex=\count320
\c@DoxyEnumeratexi=\count321
\c@DoxyEnumeratexii=\count322
\enitdp@DoxyEnumerate=\count323
\enitdp@DoxyItemize=\count324
\c@subsubsubsection=\count325
\c@subsubsubsubsection=\count326
\c@subsubsubsubsubsection=\count327
\c@subsubsubsubsubsubsection=\count328
)
(c:/texlive/2024/texmf-dist/tex/latex/base/inputenc.sty
Package: inputenc 2024/02/08 v1.3d Input encoding file
\inpenc@prehook=\toks33
\inpenc@posthook=\toks34
)
(c:/texlive/2024/texmf-dist/tex/latex/base/makeidx.sty
Package: makeidx 2021/10/04 v1.0m Standard LaTeX package
)
(c:/texlive/2024/texmf-dist/tex/latex/base/textcomp.sty
Package: textcomp 2024/04/24 v2.1b Standard LaTeX package
)
(c:/texlive/2024/texmf-dist/tex/latex/wasysym/wasysym.sty
Package: wasysym 2020/01/19 v2.4 Wasy-2 symbol support package
\symwasy=\mathgroup6
LaTeX Font Info:    Overwriting symbol font `wasy' in version `bold'
(Font)                  U/wasy/m/n --> U/wasy/b/n on input line 93.
)
(c:/texlive/2024/texmf-dist/tex/generic/iftex/ifxetex.sty
Package: ifxetex 2019/10/25 v0.7 ifxetex legacy package. Use iftex instead.
)
(c:/texlive/2024/texmf-dist/tex/generic/babel/babel.sty
Package: babel 2024/09/18 v24.10 The Babel package
\babel@savecnt=\count329
\U@D=\dimen191
\l@unhyphenated=\language89

(c:/texlive/2024/texmf-dist/tex/generic/babel/txtbabel.def)
\bbl@readstream=\read4
\bbl@dirlevel=\count330

(c:/texlive/2024/texmf-dist/tex/generic/babel-spanish/spanish.ldf
Language: spanish.ldf 2021/05/27 v5.0q Spanish support from the babel system
\es@quottoks=\toks35
\es@quotdepth=\count331
))
(c:/texlive/2024/texmf-dist/tex/generic/babel/locale/es/babel-spanish.tex
Package babel Info: Importing font and identification data for spanish
(babel)             from babel-es.ini. Reported on input line 11.
)
(c:/texlive/2024/texmf-dist/tex/latex/base/fontenc.sty
Package: fontenc 2021/04/29 v2.0v Standard LaTeX package
)
(c:/texlive/2024/texmf-dist/tex/latex/psnfss/helvet.sty
Package: helvet 2020/03/25 PSNFSS-v9.3 (WaS) 
)
(c:/texlive/2024/texmf-dist/tex/latex/psnfss/courier.sty
Package: courier 2020/03/25 PSNFSS-v9.3 (WaS) 
)
(c:/texlive/2024/texmf-dist/tex/latex/geometry/geometry.sty
Package: geometry 2020/01/02 v5.9 Page Geometry

(c:/texlive/2024/texmf-dist/tex/generic/iftex/ifvtex.sty
Package: ifvtex 2019/10/25 v1.7 ifvtex legacy package. Use iftex instead.
)
\Gm@cnth=\count332
\Gm@cntv=\count333
\c@Gm@tempcnt=\count334
\Gm@bindingoffset=\dimen192
\Gm@wd@mp=\dimen193
\Gm@odd@mp=\dimen194
\Gm@even@mp=\dimen195
\Gm@layoutwidth=\dimen196
\Gm@layoutheight=\dimen197
\Gm@layouthoffset=\dimen198
\Gm@layoutvoffset=\dimen199
\Gm@dimlist=\toks36
)
(c:/texlive/2024/texmf-dist/tex/latex/changepage/changepage.sty
Package: changepage 2009/10/20 v1.0c check page and change page layout
\c@cp@cntr=\count335
\cp@tempcnt=\count336
LaTeX Info: Redefining \checkoddpage on input line 59.
)
(c:/texlive/2024/texmf-dist/tex/latex/fancyhdr/fancyhdr.sty
Package: fancyhdr 2024/07/23 v4.3.1 Extensive control of page headers and foote
rs
\f@nch@headwidth=\skip84
\f@nch@O@elh=\skip85
\f@nch@O@erh=\skip86
\f@nch@O@olh=\skip87
\f@nch@O@orh=\skip88
\f@nch@O@elf=\skip89
\f@nch@O@erf=\skip90
\f@nch@O@olf=\skip91
\f@nch@O@orf=\skip92
)
(c:/texlive/2024/texmf-dist/tex/latex/natbib/natbib.sty
Package: natbib 2010/09/13 8.31b (PWD, AO)
\bibhang=\skip93
\bibsep=\skip94
LaTeX Info: Redefining \cite on input line 694.
\c@NAT@ctr=\count337
)
(c:/texlive/2024/texmf-dist/tex/latex/tocloft/tocloft.sty
Package: tocloft 2017/08/31 v2.3i parameterised ToC, etc., typesetting
Package tocloft Info: The document has chapter divisions on input line 51.
\cftparskip=\skip95
\cftbeforetoctitleskip=\skip96
\cftaftertoctitleskip=\skip97
\cftbeforepartskip=\skip98
\cftpartnumwidth=\skip99
\cftpartindent=\skip100
\cftbeforechapskip=\skip101
\cftchapindent=\skip102
\cftchapnumwidth=\skip103
\cftbeforesecskip=\skip104
\cftsecindent=\skip105
\cftsecnumwidth=\skip106
\cftbeforesubsecskip=\skip107
\cftsubsecindent=\skip108
\cftsubsecnumwidth=\skip109
\cftbeforesubsubsecskip=\skip110
\cftsubsubsecindent=\skip111
\cftsubsubsecnumwidth=\skip112
\cftbeforeparaskip=\skip113
\cftparaindent=\skip114
\cftparanumwidth=\skip115
\cftbeforesubparaskip=\skip116
\cftsubparaindent=\skip117
\cftsubparanumwidth=\skip118
\cftbeforeloftitleskip=\skip119
\cftafterloftitleskip=\skip120
\cftbeforefigskip=\skip121
\cftfigindent=\skip122
\cftfignumwidth=\skip123
\c@lofdepth=\count338
\c@lotdepth=\count339
\cftbeforelottitleskip=\skip124
\cftafterlottitleskip=\skip125
\cftbeforetabskip=\skip126
\cfttabindent=\skip127
\cfttabnumwidth=\skip128
)
\@indexfile=\write4
\openout4 = `refman.idx'.


Writing index file refman.idx
(c:/texlive/2024/texmf-dist/tex/latex/newunicodechar/newunicodechar.sty
Package: newunicodechar 2018/04/08 v1.2 Defining Unicode characters
)
(c:/texlive/2024/texmf-dist/tex/latex/hyperref/hyperref.sty
Package: hyperref 2024-07-10 v7.01j Hypertext links for LaTeX

(c:/texlive/2024/texmf-dist/tex/latex/kvsetkeys/kvsetkeys.sty
Package: kvsetkeys 2022-10-05 v1.19 Key value parser (HO)
)
(c:/texlive/2024/texmf-dist/tex/generic/kvdefinekeys/kvdefinekeys.sty
Package: kvdefinekeys 2019-12-19 v1.6 Define keys (HO)
)
(c:/texlive/2024/texmf-dist/tex/generic/pdfescape/pdfescape.sty
Package: pdfescape 2019/12/09 v1.15 Implements pdfTeX's escape features (HO)

(c:/texlive/2024/texmf-dist/tex/generic/ltxcmds/ltxcmds.sty
Package: ltxcmds 2023-12-04 v1.26 LaTeX kernel commands for general use (HO)
)
(c:/texlive/2024/texmf-dist/tex/generic/pdftexcmds/pdftexcmds.sty
Package: pdftexcmds 2020-06-27 v0.33 Utility functions of pdfTeX for LuaTeX (HO
)
Package pdftexcmds Info: \pdf@primitive is available.
Package pdftexcmds Info: \pdf@ifprimitive is available.
Package pdftexcmds Info: \pdfdraftmode found.
))
(c:/texlive/2024/texmf-dist/tex/latex/hycolor/hycolor.sty
Package: hycolor 2020-01-27 v1.10 Color options for hyperref/bookmark (HO)
)
(c:/texlive/2024/texmf-dist/tex/latex/hyperref/nameref.sty
Package: nameref 2023-11-26 v2.56 Cross-referencing by name of section

(c:/texlive/2024/texmf-dist/tex/latex/refcount/refcount.sty
Package: refcount 2019/12/15 v3.6 Data extraction from label references (HO)
)
(c:/texlive/2024/texmf-dist/tex/generic/gettitlestring/gettitlestring.sty
Package: gettitlestring 2019/12/15 v1.6 Cleanup title references (HO)

(c:/texlive/2024/texmf-dist/tex/latex/kvoptions/kvoptions.sty
Package: kvoptions 2022-06-15 v3.15 Key value format for package options (HO)
))
\c@section@level=\count340
)
(c:/texlive/2024/texmf-dist/tex/generic/stringenc/stringenc.sty
Package: stringenc 2019/11/29 v1.12 Convert strings between diff. encodings (HO
)
)
\@linkdim=\dimen256
\Hy@linkcounter=\count341
\Hy@pagecounter=\count342

(c:/texlive/2024/texmf-dist/tex/latex/hyperref/pd1enc.def
File: pd1enc.def 2024-07-10 v7.01j Hyperref: PDFDocEncoding definition (HO)
Now handling font encoding PD1 ...
... no UTF-8 mapping file for font encoding PD1
)
\Hy@SavedSpaceFactor=\count343

(c:/texlive/2024/texmf-dist/tex/latex/hyperref/puenc.def
File: puenc.def 2024-07-10 v7.01j Hyperref: PDF Unicode definition (HO)
Now handling font encoding PU ...
... no UTF-8 mapping file for font encoding PU
)
Package hyperref Info: Hyper figures OFF on input line 4157.
Package hyperref Info: Link nesting OFF on input line 4162.
Package hyperref Info: Hyper index ON on input line 4165.
Package hyperref Info: Plain pages OFF on input line 4172.
Package hyperref Info: Backreferencing ON on input line 4175.
Package hyperref Info: Implicit mode ON; LaTeX internals redefined.
Package hyperref Info: Bookmarks ON on input line 4424.

(c:/texlive/2024/texmf-dist/tex/latex/hyperref/backref.sty
Package: backref 2023-11-26 v1.44 Bibliographical back referencing

(c:/texlive/2024/texmf-dist/tex/latex/rerunfilecheck/rerunfilecheck.sty
Package: rerunfilecheck 2022-07-10 v1.10 Rerun checks for auxiliary files (HO)

(c:/texlive/2024/texmf-dist/tex/latex/base/atveryend-ltx.sty
Package: atveryend-ltx 2020/08/19 v1.0a Emulation of the original atveryend pac
kage
with kernel methods
)
(c:/texlive/2024/texmf-dist/tex/generic/uniquecounter/uniquecounter.sty
Package: uniquecounter 2019/12/15 v1.4 Provide unlimited unique counter (HO)

(c:/texlive/2024/texmf-dist/tex/generic/bigintcalc/bigintcalc.sty
Package: bigintcalc 2019/12/15 v1.5 Expandable calculations on big integers (HO
)
))
Package uniquecounter Info: New unique counter `rerunfilecheck' on input line 2
85.
))
\c@Hy@tempcnt=\count344

(c:/texlive/2024/texmf-dist/tex/latex/url/url.sty
\Urlmuskip=\muskip17
Package: url 2013/09/16  ver 3.4  Verb mode for urls, etc.
)
LaTeX Info: Redefining \url on input line 4763.
\XeTeXLinkMargin=\dimen257

(c:/texlive/2024/texmf-dist/tex/generic/bitset/bitset.sty
Package: bitset 2019/12/09 v1.3 Handle bit-vector datatype (HO)
)
\Fld@menulength=\count345
\Field@Width=\dimen258
\Fld@charsize=\dimen259
Package hyperref Info: Hyper figures OFF on input line 6042.
Package hyperref Info: Link nesting OFF on input line 6047.
Package hyperref Info: Hyper index ON on input line 6050.
Package hyperref Info: backreferencing ON on input line 6055.
Package hyperref Info: Link coloring OFF on input line 6062.
Package hyperref Info: Link coloring with OCG OFF on input line 6067.
Package hyperref Info: PDF/A mode OFF on input line 6072.

(c:/texlive/2024/texmf-dist/tex/latex/base/atbegshi-ltx.sty
Package: atbegshi-ltx 2021/01/10 v1.0c Emulation of the original atbegshi
package with kernel methods
)
\Hy@abspage=\count346
\c@Item=\count347
\c@Hfootnote=\count348
)
Package hyperref Info: Driver: hpdftex.

(c:/texlive/2024/texmf-dist/tex/latex/hyperref/hpdftex.def
File: hpdftex.def 2024-07-10 v7.01j Hyperref driver for pdfTeX
\Fld@listcount=\count349
\c@bookmark@seq@number=\count350
\Hy@SectionHShift=\skip129
)
Package hyperref Info: Option `colorlinks' set `true' on input line 188.
Package hyperref Info: Option `unicode' set `true' on input line 188.

(c:/texlive/2024/texmf-dist/tex/latex/caption/caption.sty
Package: caption 2023/08/05 v3.6o Customizing captions (AR)

(c:/texlive/2024/texmf-dist/tex/latex/caption/caption3.sty
Package: caption3 2023/07/31 v2.4d caption3 kernel (AR)
\caption@tempdima=\dimen260
\captionmargin=\dimen261
\caption@leftmargin=\dimen262
\caption@rightmargin=\dimen263
\caption@width=\dimen264
\caption@indent=\dimen265
\caption@parindent=\dimen266
\caption@hangindent=\dimen267
Package caption Info: Standard document class detected.
)
\c@caption@flags=\count351
\c@continuedfloat=\count352
Package caption Info: changepage package is loaded.
\caption@adjustwidth@hsize=\dimen268
\caption@adjustwidth@linewidth=\dimen269
Package caption Info: float package is loaded.
Package caption Info: hyperref package is loaded.
Package caption Info: longtable package is loaded.

(c:/texlive/2024/texmf-dist/tex/latex/caption/ltcaption.sty
Package: ltcaption 2021/01/08 v1.4c longtable captions (AR)
))
(c:/texlive/2024/texmf-dist/tex/latex/etoc/etoc.sty
Package: etoc 2023/10/29 v1.2d Completely customisable TOCs (JFB)
\Etoc@toctoks=\toks37
\c@etoc@tocid=\count353
\etoc@framed@titlebox=\box122
\etoc@framed@contentsbox=\box123
)
LaTeX Font Info:    Trying to load font information for T1+phv on input line 21
0.

(c:/texlive/2024/texmf-dist/tex/latex/psnfss/t1phv.fd
File: t1phv.fd 2020/03/25 scalable font definitions for T1/phv.
)
LaTeX Font Info:    Font shape `T1/phv/m/n' will be
(Font)              scaled to size 8.99994pt on input line 210.

(c:/texlive/2024/texmf-dist/tex/latex/l3backend/l3backend-pdftex.def
File: l3backend-pdftex.def 2024-05-08 L3 backend support: PDF output (pdfTeX)
\l__color_backend_stack_int=\count354
\l__pdf_internal_box=\box124
)
(./refman.aux
LaTeX Info: Redefining \. on input line 9.
LaTeX Info: Redefining \% on input line 9.
)
\openout1 = `refman.aux'.

LaTeX Font Info:    Checking defaults for OML/cmm/m/it on input line 210.
LaTeX Font Info:    ... okay on input line 210.
LaTeX Font Info:    Checking defaults for OMS/cmsy/m/n on input line 210.
LaTeX Font Info:    ... okay on input line 210.
LaTeX Font Info:    Checking defaults for OT1/cmr/m/n on input line 210.
LaTeX Font Info:    ... okay on input line 210.
LaTeX Font Info:    Checking defaults for T1/cmr/m/n on input line 210.
LaTeX Font Info:    ... okay on input line 210.
LaTeX Font Info:    Checking defaults for TS1/cmr/m/n on input line 210.
LaTeX Font Info:    ... okay on input line 210.
LaTeX Font Info:    Checking defaults for OMX/cmex/m/n on input line 210.
LaTeX Font Info:    ... okay on input line 210.
LaTeX Font Info:    Checking defaults for U/cmr/m/n on input line 210.
LaTeX Font Info:    ... okay on input line 210.
LaTeX Font Info:    Checking defaults for PD1/pdf/m/n on input line 210.
LaTeX Font Info:    ... okay on input line 210.
LaTeX Font Info:    Checking defaults for PU/pdf/m/n on input line 210.
LaTeX Font Info:    ... okay on input line 210.
 (c:/texlive/2024/texmf-dist/tex/context/base/mkii/supp-pdf.mkii
[Loading MPS to PDF converter (version 2006.09.02).]
\scratchcounter=\count355
\scratchdimen=\dimen270
\scratchbox=\box125
\nofMPsegments=\count356
\nofMParguments=\count357
\everyMPshowfont=\toks38
\MPscratchCnt=\count358
\MPscratchDim=\dimen271
\MPnumerator=\count359
\makeMPintoPDFobject=\count360
\everyMPtoPDFconversion=\toks39
) (c:/texlive/2024/texmf-dist/tex/latex/epstopdf-pkg/epstopdf-base.sty
Package: epstopdf-base 2020-01-24 v2.11 Base part for package epstopdf
Package epstopdf-base Info: Redefining graphics rule for `.eps' on input line 4
85.

(c:/texlive/2024/texmf-dist/tex/latex/latexconfig/epstopdf-sys.cfg
File: epstopdf-sys.cfg 2010/07/13 v1.3 Configuration of (r)epstopdf for TeX Liv
e
))
LaTeX Info: Redefining \. on input line 210.
LaTeX Info: Redefining \% on input line 210.

*geometry* driver: auto-detecting
*geometry* detected driver: pdftex
*geometry* verbose mode - [ preamble ] result:
* driver: pdftex
* paper: a4paper
* layout: <same size as paper>
* layoutoffset:(h,v)=(0.0pt,0.0pt)
* modes: twoside 
* h-part:(L,W,R)=(71.13188pt, 455.24411pt, 71.13188pt)
* v-part:(T,H,B)=(71.13188pt, 702.78308pt, 71.13188pt)
* \paperwidth=597.50787pt
* \paperheight=845.04684pt
* \textwidth=455.24411pt
* \textheight=702.78308pt
* \oddsidemargin=-1.1381pt
* \evensidemargin=-1.1381pt
* \topmargin=-31.2056pt
* \headheight=12.0pt
* \headsep=18.06749pt
* \topskip=10.0pt
* \footskip=25.29494pt
* \marginparwidth=125.0pt
* \marginparsep=7.0pt
* \columnsep=10.0pt
* \skip\footins=9.0pt plus 4.0pt minus 2.0pt
* \hoffset=0.0pt
* \voffset=0.0pt
* \mag=1000
* \@twocolumnfalse
* \@twosidetrue
* \@mparswitchtrue
* \@reversemarginfalse
* (1in=72.27pt=25.4mm, 1cm=28.453pt)

Package backref Info: ** backref set up for natbib ** on input line 210.
Package hyperref Info: Link coloring ON on input line 210.
(./refman.out) (./refman.out)
\@outlinefile=\write5
\openout5 = `refman.out'.

Package caption Info: Begin \AtBeginDocument code.
Package caption Info: End \AtBeginDocument code.
\Etoc@tf=\read5
Package hyperref Info: Option `pageanchor' set `false' on input line 218.
Package hyperref Info: Option `bookmarksnumbered' set `true' on input line 218.

Package hyperref Info: Option `unicode' set `true' on input line 218.
LaTeX Font Info:    Font shape `T1/phv/m/n' will be
(Font)              scaled to size 12.9599pt on input line 223.
LaTeX Font Info:    Font shape `T1/phv/m/n' will be
(Font)              scaled to size 6.29996pt on input line 223.
LaTeX Font Info:    Trying to load font information for U+msa on input line 223
.

(c:/texlive/2024/texmf-dist/tex/latex/amsfonts/umsa.fd
File: umsa.fd 2013/01/14 v3.01 AMS symbols A
)
LaTeX Font Info:    Trying to load font information for U+msb on input line 223
.

(c:/texlive/2024/texmf-dist/tex/latex/amsfonts/umsb.fd
File: umsb.fd 2013/01/14 v3.01 AMS symbols B
)
LaTeX Font Info:    Trying to load font information for U+wasy on input line 22
3.

(c:/texlive/2024/texmf-dist/tex/latex/wasysym/uwasy.fd
File: uwasy.fd 2020/01/19 v2.4 Wasy-2 symbol font definitions
)
LaTeX Font Info:    Font shape `T1/phv/m/n' will be
(Font)              scaled to size 10.79993pt on input line 225.


[1


{c:/texlive/2024/texmf-var/fonts/map/pdftex/updmap/pdftex.map}{c:/texlive/2024/
texmf-dist/fonts/enc/dvips/base/8r.enc}]

[2

]
\tf@toc=\write6
\openout6 = `refman.toc'.

LaTeX Info: Redefining \. on input line 231.
LaTeX Info: Redefining \% on input line 231.
LaTeX Font Info:    Font shape `T1/phv/b/n' will be
(Font)              scaled to size 8.99994pt on input line 231.


LaTeX Font Info:    Font shape `T1/phv/b/sc' will be
(Font)              scaled to size 8.99994pt on input line 231.
LaTeX Font Info:    Font shape `T1/phv/b/n' will be
(Font)              scaled to size 6.29996pt on input line 231.
[1]

[2]

[3]

[4

]
Package hyperref Info: Option `pageanchor' set `true' on input line 234.

Cap\'{\i }tulo 1.
LaTeX Font Info:    Font shape `T1/phv/m/n' will be
(Font)              scaled to size 18.66588pt on input line 236.
LaTeX Font Info:    Font shape `T1/phv/b/n' will be
(Font)              scaled to size 18.66588pt on input line 236.
LaTeX Font Info:    Font shape `T1/phv/b/n' will be
(Font)              scaled to size 22.39185pt on input line 236.
(./namespaces.tex
LaTeX Font Info:    Font shape `T1/phv/b/n' will be
(Font)              scaled to size 12.9599pt on input line 1.
)

[1

]

LaTeX Info: Redefining \. on input line 238.
LaTeX Info: Redefining \% on input line 238.
[2

]
Cap\'{\i }tulo 2.
(./hierarchy.tex)

[3]

LaTeX Info: Redefining \. on input line 240.
LaTeX Info: Redefining \% on input line 240.
[4

]
Cap\'{\i }tulo 3.
(./annotated.tex)

[5]

LaTeX Info: Redefining \. on input line 242.
LaTeX Info: Redefining \% on input line 242.
[6

]
Cap\'{\i }tulo 4.
(./files.tex)

[7]

LaTeX Info: Redefining \. on input line 244.
LaTeX Info: Redefining \% on input line 244.
[8

]
Cap\'{\i }tulo 5.
(./namespacecom_1_1example_1_1aplicacion__3ro.tex
LaTeX Font Info:    Font shape `T1/phv/m/n' will be
(Font)              scaled to size 8.09995pt on input line 7.
LaTeX Font Info:    Font shape `T1/phv/m/it' in size <9> not available
(Font)              Font shape `T1/phv/m/sl' tried instead on input line 7.
LaTeX Font Info:    Font shape `T1/phv/m/sl' will be
(Font)              scaled to size 8.09995pt on input line 7.
LaTeX Font Info:    Font shape `T1/phv/m/it' in size <7> not available
(Font)              Font shape `T1/phv/m/sl' tried instead on input line 13.
LaTeX Font Info:    Font shape `T1/phv/m/sl' will be
(Font)              scaled to size 6.29996pt on input line 13.
)

[9]

LaTeX Info: Redefining \. on input line 246.
LaTeX Info: Redefining \% on input line 246.
[10

]
Cap\'{\i }tulo 6.
(./interfacecom_1_1example_1_1aplicacion__3ro_1_1_api_service.tex
LaTeX Font Info:    Font shape `T1/phv/b/n' will be
(Font)              scaled to size 10.79993pt on input line 15.
LaTeX Font Info:    Font shape `T1/phv/m/n' will be
(Font)              scaled to size 7.19995pt on input line 24.
LaTeX Font Info:    Trying to load font information for T1+pcr on input line 24
.

(c:/texlive/2024/texmf-dist/tex/latex/psnfss/t1pcr.fd
File: t1pcr.fd 2001/06/04 font definitions for T1/pcr.
)
LaTeX Font Info:    Font shape `T1/pcr/m/it' in size <8> not available
(Font)              Font shape `T1/pcr/m/sl' tried instead on input line 25.

Underfull \hbox (badness 10000) detected at line 38
[][][]
 []

 <./interfacecom_1_1example_1_1aplicacion__3ro_1_1_api_service_ae6bbdaa3a2a2c16
ce14dba99bf70aac9_icgraph.pdf>
<interfacecom_1_1example_1_1aplicacion__3ro_1_1_api_service_ae6bbdaa3a2a2c16ce1
4dba99bf70aac9_icgraph.pdf, id=639, 804.00375pt x 124.465pt>
File: interfacecom_1_1example_1_1aplicacion__3ro_1_1_api_service_ae6bbdaa3a2a2c
16ce14dba99bf70aac9_icgraph.pdf Graphic file (type pdf)
<use interfacecom_1_1example_1_1aplicacion__3ro_1_1_api_service_ae6bbdaa3a2a2c1
6ce14dba99bf70aac9_icgraph.pdf>
Package pdftex.def Info: interfacecom_1_1example_1_1aplicacion__3ro_1_1_api_ser
vice_ae6bbdaa3a2a2c16ce14dba99bf70aac9_icgraph.pdf  used on input line 46.
(pdftex.def)             Requested size: 350.0pt x 54.18172pt.


[11]) (./classcom_1_1example_1_1aplicacion__3ro_1_1_main_activity.tex <./classc
om_1_1example_1_1aplicacion__3ro_1_1_main_activity__inherit__graph.pdf>
<classcom_1_1example_1_1aplicacion__3ro_1_1_main_activity__inherit__graph.pdf, 
id=661, 201.75375pt x 168.63pt>
File: classcom_1_1example_1_1aplicacion__3ro_1_1_main_activity__inherit__graph.
pdf Graphic file (type pdf)
<use classcom_1_1example_1_1aplicacion__3ro_1_1_main_activity__inherit__graph.p
df>
Package pdftex.def Info: classcom_1_1example_1_1aplicacion__3ro_1_1_main_activi
ty__inherit__graph.pdf  used on input line 15.
(pdftex.def)             Requested size: 201.0pt x 168.00174pt.
 <./classcom_1_1example_1_1aplicacion__3ro_1_1_main_activity__coll__graph.pdf>
<classcom_1_1example_1_1aplicacion__3ro_1_1_main_activity__coll__graph.pdf, id=
669, 451.6875pt x 272.01625pt>
File: classcom_1_1example_1_1aplicacion__3ro_1_1_main_activity__coll__graph.pdf
 Graphic file (type pdf)
<use classcom_1_1example_1_1aplicacion__3ro_1_1_main_activity__coll__graph.pdf>

Package pdftex.def Info: classcom_1_1example_1_1aplicacion__3ro_1_1_main_activi
ty__coll__graph.pdf  used on input line 25.
(pdftex.def)             Requested size: 350.0pt x 210.78966pt.


LaTeX Info: Redefining \. on input line 32.
LaTeX Info: Redefining \% on input line 32.
[12]
LaTeX Font Info:    Trying to load font information for TS1+phv on input line 6
1.
 (c:/texlive/2024/texmf-dist/tex/latex/psnfss/ts1phv.fd
File: ts1phv.fd 2020/03/25 scalable font definitions for TS1/phv.
)
LaTeX Font Info:    Font shape `TS1/phv/m/it' in size <9> not available
(Font)              Font shape `TS1/phv/m/sl' tried instead on input line 61.
LaTeX Font Info:    Font shape `TS1/phv/m/sl' will be
(Font)              scaled to size 8.09995pt on input line 61.


LaTeX Info: Redefining \. on input line 98.
LaTeX Info: Redefining \% on input line 98.
[13] <./classcom_1_1example_1_1aplicacion__3ro_1_1_main_activity_ad67f3392998dc
46e153a9e4e2767f190_cgraph.pdf>
<classcom_1_1example_1_1aplicacion__3ro_1_1_main_activity_ad67f3392998dc46e153a
9e4e2767f190_cgraph.pdf, id=735, 842.14626pt x 726.715pt>
File: classcom_1_1example_1_1aplicacion__3ro_1_1_main_activity_ad67f3392998dc46
e153a9e4e2767f190_cgraph.pdf Graphic file (type pdf)
<use classcom_1_1example_1_1aplicacion__3ro_1_1_main_activity_ad67f3392998dc46e
153a9e4e2767f190_cgraph.pdf>
Package pdftex.def Info: classcom_1_1example_1_1aplicacion__3ro_1_1_main_activi
ty_ad67f3392998dc46e153a9e4e2767f190_cgraph.pdf  used on input line 110.
(pdftex.def)             Requested size: 350.0pt x 302.02464pt.


LaTeX Info: Redefining \. on input line 127.
LaTeX Info: Redefining \% on input line 127.
[14] <./classcom_1_1example_1_1aplicacion__3ro_1_1_main_activity_adb3146497ef39
d8ff386e4535a19ecc3_cgraph.pdf>
<classcom_1_1example_1_1aplicacion__3ro_1_1_main_activity_adb3146497ef39d8ff386
e4535a19ecc3_cgraph.pdf, id=751, 846.16125pt x 846.16125pt>
File: classcom_1_1example_1_1aplicacion__3ro_1_1_main_activity_adb3146497ef39d8
ff386e4535a19ecc3_cgraph.pdf Graphic file (type pdf)
<use classcom_1_1example_1_1aplicacion__3ro_1_1_main_activity_adb3146497ef39d8f
f386e4535a19ecc3_cgraph.pdf>
Package pdftex.def Info: classcom_1_1example_1_1aplicacion__3ro_1_1_main_activi
ty_adb3146497ef39d8ff386e4535a19ecc3_cgraph.pdf  used on input line 133.
(pdftex.def)             Requested size: 350.0pt x 349.98836pt.
 <./classcom_1_1example_1_1aplicacion__3ro_1_1_main_activity_aa64291198f0ba0a3c
248e2ed0de32c2e_cgraph.pdf>
<classcom_1_1example_1_1aplicacion__3ro_1_1_main_activity_aa64291198f0ba0a3c248
e2ed0de32c2e_cgraph.pdf, id=759, 460.72125pt x 124.465pt>
File: classcom_1_1example_1_1aplicacion__3ro_1_1_main_activity_aa64291198f0ba0a
3c248e2ed0de32c2e_cgraph.pdf Graphic file (type pdf)
<use classcom_1_1example_1_1aplicacion__3ro_1_1_main_activity_aa64291198f0ba0a3
c248e2ed0de32c2e_cgraph.pdf>
Package pdftex.def Info: classcom_1_1example_1_1aplicacion__3ro_1_1_main_activi
ty_aa64291198f0ba0a3c248e2ed0de32c2e_cgraph.pdf  used on input line 156.
(pdftex.def)             Requested size: 350.0pt x 94.5526pt.


LaTeX Info: Redefining \. on input line 159.
LaTeX Info: Redefining \% on input line 159.
[15]
LaTeX Font Info:    Font shape `T1/pcr/m/it' in size <7> not available
(Font)              Font shape `T1/pcr/m/sl' tried instead on input line 163.
 <./classcom_1_1example_1_1aplicacion__3ro_1_1_main_activity_ad0e00e0a3529295e2
5309094fd42b0d0_cgraph.pdf>
<classcom_1_1example_1_1aplicacion__3ro_1_1_main_activity_ad0e00e0a3529295e2530
9094fd42b0d0_cgraph.pdf, id=775, 650.43pt x 827.09pt>
File: classcom_1_1example_1_1aplicacion__3ro_1_1_main_activity_ad0e00e0a3529295
e25309094fd42b0d0_cgraph.pdf Graphic file (type pdf)
<use classcom_1_1example_1_1aplicacion__3ro_1_1_main_activity_ad0e00e0a3529295e
25309094fd42b0d0_cgraph.pdf>
Package pdftex.def Info: classcom_1_1example_1_1aplicacion__3ro_1_1_main_activi
ty_ad0e00e0a3529295e25309094fd42b0d0_cgraph.pdf  used on input line 179.
(pdftex.def)             Requested size: 350.0pt x 445.06964pt.


LaTeX Info: Redefining \. on input line 182.
LaTeX Info: Redefining \% on input line 182.
[16] <./classcom_1_1example_1_1aplicacion__3ro_1_1_main_activity_ad0e00e0a35292
95e25309094fd42b0d0_icgraph.pdf>
<classcom_1_1example_1_1aplicacion__3ro_1_1_main_activity_ad0e00e0a3529295e2530
9094fd42b0d0_icgraph.pdf, id=790, 420.57124pt x 124.465pt>
File: classcom_1_1example_1_1aplicacion__3ro_1_1_main_activity_ad0e00e0a3529295
e25309094fd42b0d0_icgraph.pdf Graphic file (type pdf)
<use classcom_1_1example_1_1aplicacion__3ro_1_1_main_activity_ad0e00e0a3529295e
25309094fd42b0d0_icgraph.pdf>
Package pdftex.def Info: classcom_1_1example_1_1aplicacion__3ro_1_1_main_activi
ty_ad0e00e0a3529295e25309094fd42b0d0_icgraph.pdf  used on input line 187.
(pdftex.def)             Requested size: 350.0pt x 103.5813pt.

Underfull \hbox (badness 10000) in paragraph at lines 194--195
[]\T1/pcr/m/n/8 void com.[]example.[]aplicacion[]_[]3ro.[]Main[]Activity.[]busc
ar[]Todos[]Los[]Dispositivos[]BTLE () [inline],
 []



LaTeX Info: Redefining \. on input line 198.
LaTeX Info: Redefining \% on input line 198.
[17] <./classcom_1_1example_1_1aplicacion__3ro_1_1_main_activity_ae192ae09cccd9
ed196c0f44243086f0d_cgraph.pdf>
<classcom_1_1example_1_1aplicacion__3ro_1_1_main_activity_ae192ae09cccd9ed196c0
f44243086f0d_cgraph.pdf, id=805, 656.4525pt x 726.715pt>
File: classcom_1_1example_1_1aplicacion__3ro_1_1_main_activity_ae192ae09cccd9ed
196c0f44243086f0d_cgraph.pdf Graphic file (type pdf)
<use classcom_1_1example_1_1aplicacion__3ro_1_1_main_activity_ae192ae09cccd9ed1
96c0f44243086f0d_cgraph.pdf>
Package pdftex.def Info: classcom_1_1example_1_1aplicacion__3ro_1_1_main_activi
ty_ae192ae09cccd9ed196c0f44243086f0d_cgraph.pdf  used on input line 205.
(pdftex.def)             Requested size: 350.0pt x 387.46358pt.
 <./classcom_1_1example_1_1aplicacion__3ro_1_1_main_activity_ae192ae09cccd9ed19
6c0f44243086f0d_icgraph.pdf>
<classcom_1_1example_1_1aplicacion__3ro_1_1_main_activity_ae192ae09cccd9ed196c0
f44243086f0d_icgraph.pdf, id=813, 415.5525pt x 124.465pt>
File: classcom_1_1example_1_1aplicacion__3ro_1_1_main_activity_ae192ae09cccd9ed
196c0f44243086f0d_icgraph.pdf Graphic file (type pdf)
<use classcom_1_1example_1_1aplicacion__3ro_1_1_main_activity_ae192ae09cccd9ed1
96c0f44243086f0d_icgraph.pdf>
Package pdftex.def Info: classcom_1_1example_1_1aplicacion__3ro_1_1_main_activi
ty_ae192ae09cccd9ed196c0f44243086f0d_icgraph.pdf  used on input line 213.
(pdftex.def)             Requested size: 350.0pt x 104.83475pt.

Underfull \hbox (badness 10000) in paragraph at lines 220--221
[]\T1/pcr/m/n/8 void com.[]example.[]aplicacion[]_[]3ro.[]Main[]Activity.[]dete
ner[]Busqueda[]Dispositivos[]BTLE () [inline],
 []

 <./classcom_1_1example_1_1aplicacion__3ro_1_1_main_activity_ad1bf417946b409422
b6529e8f9e5d843_icgraph.pdf>
<classcom_1_1example_1_1aplicacion__3ro_1_1_main_activity_ad1bf417946b409422b65
29e8f9e5d843_icgraph.pdf, id=821, 460.72125pt x 124.465pt>
File: classcom_1_1example_1_1aplicacion__3ro_1_1_main_activity_ad1bf417946b4094
22b6529e8f9e5d843_icgraph.pdf Graphic file (type pdf)
<use classcom_1_1example_1_1aplicacion__3ro_1_1_main_activity_ad1bf417946b40942
2b6529e8f9e5d843_icgraph.pdf>
Package pdftex.def Info: classcom_1_1example_1_1aplicacion__3ro_1_1_main_activi
ty_ad1bf417946b409422b6529e8f9e5d843_icgraph.pdf  used on input line 231.
(pdftex.def)             Requested size: 350.0pt x 94.5526pt.


LaTeX Info: Redefining \. on input line 233.
LaTeX Info: Redefining \% on input line 233.
[18] <./classcom_1_1example_1_1aplicacion__3ro_1_1_main_activity_a6ef172a62e1b6
6ee7abd5ffb4aee9a88_cgraph.pdf>
<classcom_1_1example_1_1aplicacion__3ro_1_1_main_activity_a6ef172a62e1b66ee7abd
5ffb4aee9a88_cgraph.pdf, id=836, 427.5975pt x 124.465pt>
File: classcom_1_1example_1_1aplicacion__3ro_1_1_main_activity_a6ef172a62e1b66e
e7abd5ffb4aee9a88_cgraph.pdf Graphic file (type pdf)
<use classcom_1_1example_1_1aplicacion__3ro_1_1_main_activity_a6ef172a62e1b66ee
7abd5ffb4aee9a88_cgraph.pdf>
Package pdftex.def Info: classcom_1_1example_1_1aplicacion__3ro_1_1_main_activi
ty_a6ef172a62e1b66ee7abd5ffb4aee9a88_cgraph.pdf  used on input line 258.
(pdftex.def)             Requested size: 350.0pt x 101.87773pt.
 <./classcom_1_1example_1_1aplicacion__3ro_1_1_main_activity_a6ef172a62e1b66ee7
abd5ffb4aee9a88_icgraph.pdf>
<classcom_1_1example_1_1aplicacion__3ro_1_1_main_activity_a6ef172a62e1b66ee7abd
5ffb4aee9a88_icgraph.pdf, id=844, 603.25375pt x 124.465pt>
File: classcom_1_1example_1_1aplicacion__3ro_1_1_main_activity_a6ef172a62e1b66e
e7abd5ffb4aee9a88_icgraph.pdf Graphic file (type pdf)
<use classcom_1_1example_1_1aplicacion__3ro_1_1_main_activity_a6ef172a62e1b66ee
7abd5ffb4aee9a88_icgraph.pdf>
Package pdftex.def Info: classcom_1_1example_1_1aplicacion__3ro_1_1_main_activi
ty_a6ef172a62e1b66ee7abd5ffb4aee9a88_icgraph.pdf  used on input line 266.
(pdftex.def)             Requested size: 350.0pt x 72.21252pt.


LaTeX Info: Redefining \. on input line 280.
LaTeX Info: Redefining \% on input line 280.
[19] <./classcom_1_1example_1_1aplicacion__3ro_1_1_main_activity_a6353b9687cd24
92ddbc64577b2d93ae6_cgraph.pdf>
<classcom_1_1example_1_1aplicacion__3ro_1_1_main_activity_a6353b9687cd2492ddbc6
4577b2d93ae6_cgraph.pdf, id=862, 469.755pt x 726.715pt>
File: classcom_1_1example_1_1aplicacion__3ro_1_1_main_activity_a6353b9687cd2492
ddbc64577b2d93ae6_cgraph.pdf Graphic file (type pdf)
<use classcom_1_1example_1_1aplicacion__3ro_1_1_main_activity_a6353b9687cd2492d
dbc64577b2d93ae6_cgraph.pdf>
Package pdftex.def Info: classcom_1_1example_1_1aplicacion__3ro_1_1_main_activi
ty_a6353b9687cd2492ddbc64577b2d93ae6_cgraph.pdf  used on input line 301.
(pdftex.def)             Requested size: 350.0pt x 541.45323pt.


LaTeX Info: Redefining \. on input line 304.
LaTeX Info: Redefining \% on input line 304.
[20] <./classcom_1_1example_1_1aplicacion__3ro_1_1_main_activity_a6353b9687cd24
92ddbc64577b2d93ae6_icgraph.pdf>
<classcom_1_1example_1_1aplicacion__3ro_1_1_main_activity_a6353b9687cd2492ddbc6
4577b2d93ae6_icgraph.pdf, id=875, 641.39626pt x 186.6975pt>
File: classcom_1_1example_1_1aplicacion__3ro_1_1_main_activity_a6353b9687cd2492
ddbc64577b2d93ae6_icgraph.pdf Graphic file (type pdf)
<use classcom_1_1example_1_1aplicacion__3ro_1_1_main_activity_a6353b9687cd2492d
dbc64577b2d93ae6_icgraph.pdf>
Package pdftex.def Info: classcom_1_1example_1_1aplicacion__3ro_1_1_main_activi
ty_a6353b9687cd2492ddbc64577b2d93ae6_icgraph.pdf  used on input line 309.
(pdftex.def)             Requested size: 350.0pt x 101.88058pt.


LaTeX Info: Redefining \. on input line 312.
LaTeX Info: Redefining \% on input line 312.
[21]
LaTeX Font Info:    Font shape `TS1/phv/m/n' will be
(Font)              scaled to size 8.99994pt on input line 320.

Underfull \hbox (badness 10000) detected at line 327
[][][]
 []

 <./classcom_1_1example_1_1aplicacion__3ro_1_1_main_activity_a46095c0e6d6182071
459e75a13bcaec6_icgraph.pdf>
<classcom_1_1example_1_1aplicacion__3ro_1_1_main_activity_a46095c0e6d6182071459
e75a13bcaec6_icgraph.pdf, id=889, 602.25pt x 124.465pt>
File: classcom_1_1example_1_1aplicacion__3ro_1_1_main_activity_a46095c0e6d61820
71459e75a13bcaec6_icgraph.pdf Graphic file (type pdf)
<use classcom_1_1example_1_1aplicacion__3ro_1_1_main_activity_a46095c0e6d618207
1459e75a13bcaec6_icgraph.pdf>
Package pdftex.def Info: classcom_1_1example_1_1aplicacion__3ro_1_1_main_activi
ty_a46095c0e6d6182071459e75a13bcaec6_icgraph.pdf  used on input line 335.
(pdftex.def)             Requested size: 350.0pt x 72.33598pt.


LaTeX Info: Redefining \. on input line 371.
LaTeX Info: Redefining \% on input line 371.
[22]) (./classcom_1_1example_1_1aplicacion__3ro_1_1_medicion.tex

LaTeX Info: Redefining \. on input line 8.
LaTeX Info: Redefining \% on input line 8.
[23]

LaTeX Info: Redefining \. on input line 62.
LaTeX Info: Redefining \% on input line 62.
[24]
Underfull \hbox (badness 10000) detected at line 76
[][][]
 []


Underfull \hbox (badness 10000) detected at line 89
[][][]
 []


Underfull \hbox (badness 10000) detected at line 102
[][][]
 []



LaTeX Info: Redefining \. on input line 119.
LaTeX Info: Redefining \% on input line 119.
[25]) (./classcom_1_1example_1_1aplicacion__3ro_1_1_trama_i_beacon.tex

LaTeX Info: Redefining \. on input line 8.
LaTeX Info: Redefining \% on input line 8.
[26]

LaTeX Info: Redefining \. on input line 49.
LaTeX Info: Redefining \% on input line 49.
[27]

LaTeX Info: Redefining \. on input line 98.
LaTeX Info: Redefining \% on input line 98.
[28]
Underfull \hbox (badness 10000) detected at line 98
[][][]
 []

 <./classcom_1_1example_1_1aplicacion__3ro_1_1_trama_i_beacon_a3f155376b61c8bdd
0e20d36a2f501514_icgraph.pdf>
<classcom_1_1example_1_1aplicacion__3ro_1_1_trama_i_beacon_a3f155376b61c8bdd0e2
0d36a2f501514_icgraph.pdf, id=1023, 837.1275pt x 186.6975pt>
File: classcom_1_1example_1_1aplicacion__3ro_1_1_trama_i_beacon_a3f155376b61c8b
dd0e20d36a2f501514_icgraph.pdf Graphic file (type pdf)
<use classcom_1_1example_1_1aplicacion__3ro_1_1_trama_i_beacon_a3f155376b61c8bd
d0e20d36a2f501514_icgraph.pdf>
Package pdftex.def Info: classcom_1_1example_1_1aplicacion__3ro_1_1_trama_i_bea
con_a3f155376b61c8bdd0e20d36a2f501514_icgraph.pdf  used on input line 106.
(pdftex.def)             Requested size: 350.0pt x 78.0563pt.

Underfull \hbox (badness 10000) detected at line 119
[][][]
 []

 <./classcom_1_1example_1_1aplicacion__3ro_1_1_trama_i_beacon_a8ae7b05ac935c0b5
1be24c5269f5f8f0_icgraph.pdf>
<classcom_1_1example_1_1aplicacion__3ro_1_1_trama_i_beacon_a8ae7b05ac935c0b51be
24c5269f5f8f0_icgraph.pdf, id=1031, 845.1575pt x 186.6975pt>
File: classcom_1_1example_1_1aplicacion__3ro_1_1_trama_i_beacon_a8ae7b05ac935c0
b51be24c5269f5f8f0_icgraph.pdf Graphic file (type pdf)
<use classcom_1_1example_1_1aplicacion__3ro_1_1_trama_i_beacon_a8ae7b05ac935c0b
51be24c5269f5f8f0_icgraph.pdf>
Package pdftex.def Info: classcom_1_1example_1_1aplicacion__3ro_1_1_trama_i_bea
con_a8ae7b05ac935c0b51be24c5269f5f8f0_icgraph.pdf  used on input line 127.
(pdftex.def)             Requested size: 350.0pt x 77.31848pt.

Underfull \hbox (badness 10000) detected at line 140
[][][]
 []

 <./classcom_1_1example_1_1aplicacion__3ro_1_1_trama_i_beacon_a62005bf2b05edeae
ee14d2f1f0a368fd_icgraph.pdf>
<classcom_1_1example_1_1aplicacion__3ro_1_1_trama_i_beacon_a62005bf2b05edeaeee1
4d2f1f0a368fd_icgraph.pdf, id=1039, 848.16875pt x 186.6975pt>
File: classcom_1_1example_1_1aplicacion__3ro_1_1_trama_i_beacon_a62005bf2b05ede
aeee14d2f1f0a368fd_icgraph.pdf Graphic file (type pdf)
<use classcom_1_1example_1_1aplicacion__3ro_1_1_trama_i_beacon_a62005bf2b05edea
eee14d2f1f0a368fd_icgraph.pdf>
Package pdftex.def Info: classcom_1_1example_1_1aplicacion__3ro_1_1_trama_i_bea
con_a62005bf2b05edeaeee14d2f1f0a368fd_icgraph.pdf  used on input line 148.
(pdftex.def)             Requested size: 350.0pt x 77.04214pt.


LaTeX Info: Redefining \. on input line 151.
LaTeX Info: Redefining \% on input line 151.
[29]
Underfull \hbox (badness 10000) detected at line 161
[][][]
 []

 <./classcom_1_1example_1_1aplicacion__3ro_1_1_trama_i_beacon_abf891d14ba2a516f
785b1391302d8625_icgraph.pdf>
<classcom_1_1example_1_1aplicacion__3ro_1_1_trama_i_beacon_abf891d14ba2a516f785
b1391302d8625_icgraph.pdf, id=1054, 831.105pt x 186.6975pt>
File: classcom_1_1example_1_1aplicacion__3ro_1_1_trama_i_beacon_abf891d14ba2a51
6f785b1391302d8625_icgraph.pdf Graphic file (type pdf)
<use classcom_1_1example_1_1aplicacion__3ro_1_1_trama_i_beacon_abf891d14ba2a516
f785b1391302d8625_icgraph.pdf>
Package pdftex.def Info: classcom_1_1example_1_1aplicacion__3ro_1_1_trama_i_bea
con_abf891d14ba2a516f785b1391302d8625_icgraph.pdf  used on input line 169.
(pdftex.def)             Requested size: 350.0pt x 78.62321pt.

Underfull \hbox (badness 10000) detected at line 182
[][][]
 []

 <./classcom_1_1example_1_1aplicacion__3ro_1_1_trama_i_beacon_a0bec8adc97e0f737
83fe075f69d9279a_icgraph.pdf>
<classcom_1_1example_1_1aplicacion__3ro_1_1_trama_i_beacon_a0bec8adc97e0f73783f
e075f69d9279a_icgraph.pdf, id=1062, 852.18375pt x 186.6975pt>
File: classcom_1_1example_1_1aplicacion__3ro_1_1_trama_i_beacon_a0bec8adc97e0f7
3783fe075f69d9279a_icgraph.pdf Graphic file (type pdf)
<use classcom_1_1example_1_1aplicacion__3ro_1_1_trama_i_beacon_a0bec8adc97e0f73
783fe075f69d9279a_icgraph.pdf>
Package pdftex.def Info: classcom_1_1example_1_1aplicacion__3ro_1_1_trama_i_bea
con_a0bec8adc97e0f73783fe075f69d9279a_icgraph.pdf  used on input line 190.
(pdftex.def)             Requested size: 350.0pt x 76.68036pt.


LaTeX Info: Redefining \. on input line 201.
LaTeX Info: Redefining \% on input line 201.
[30]
Underfull \hbox (badness 10000) detected at line 203
[][][]
 []


Underfull \hbox (badness 10000) detected at line 216
[][][]
 []

 <./classcom_1_1example_1_1aplicacion__3ro_1_1_trama_i_beacon_ad221f93ec7f8cf4a
0d2a65673d0f5584_icgraph.pdf>
<classcom_1_1example_1_1aplicacion__3ro_1_1_trama_i_beacon_ad221f93ec7f8cf4a0d2
a65673d0f5584_icgraph.pdf, id=1078, 820.06375pt x 186.6975pt>
File: classcom_1_1example_1_1aplicacion__3ro_1_1_trama_i_beacon_ad221f93ec7f8cf
4a0d2a65673d0f5584_icgraph.pdf Graphic file (type pdf)
<use classcom_1_1example_1_1aplicacion__3ro_1_1_trama_i_beacon_ad221f93ec7f8cf4
a0d2a65673d0f5584_icgraph.pdf>
Package pdftex.def Info: classcom_1_1example_1_1aplicacion__3ro_1_1_trama_i_bea
con_ad221f93ec7f8cf4a0d2a65673d0f5584_icgraph.pdf  used on input line 224.
(pdftex.def)             Requested size: 350.0pt x 79.68295pt.

Underfull \hbox (badness 10000) detected at line 237
[][][]
 []

 <./classcom_1_1example_1_1aplicacion__3ro_1_1_trama_i_beacon_ae735da8f77dd1e62
ff113310b4f7090b_icgraph.pdf>
<classcom_1_1example_1_1aplicacion__3ro_1_1_trama_i_beacon_ae735da8f77dd1e62ff1
13310b4f7090b_icgraph.pdf, id=1086, 820.06375pt x 186.6975pt>
File: classcom_1_1example_1_1aplicacion__3ro_1_1_trama_i_beacon_ae735da8f77dd1e
62ff113310b4f7090b_icgraph.pdf Graphic file (type pdf)
<use classcom_1_1example_1_1aplicacion__3ro_1_1_trama_i_beacon_ae735da8f77dd1e6
2ff113310b4f7090b_icgraph.pdf>
Package pdftex.def Info: classcom_1_1example_1_1aplicacion__3ro_1_1_trama_i_bea
con_ae735da8f77dd1e62ff113310b4f7090b_icgraph.pdf  used on input line 245.
(pdftex.def)             Requested size: 350.0pt x 79.68295pt.

Underfull \hbox (badness 10000) detected at line 258
[][][]
 []

 <./classcom_1_1example_1_1aplicacion__3ro_1_1_trama_i_beacon_a67744080465810ef
6fe879886a1d7fe1_icgraph.pdf>
<classcom_1_1example_1_1aplicacion__3ro_1_1_trama_i_beacon_a67744080465810ef6fe
879886a1d7fe1_icgraph.pdf, id=1094, 824.07875pt x 186.6975pt>
File: classcom_1_1example_1_1aplicacion__3ro_1_1_trama_i_beacon_a67744080465810
ef6fe879886a1d7fe1_icgraph.pdf Graphic file (type pdf)
<use classcom_1_1example_1_1aplicacion__3ro_1_1_trama_i_beacon_a67744080465810e
f6fe879886a1d7fe1_icgraph.pdf>
Package pdftex.def Info: classcom_1_1example_1_1aplicacion__3ro_1_1_trama_i_bea
con_a67744080465810ef6fe879886a1d7fe1_icgraph.pdf  used on input line 266.
(pdftex.def)             Requested size: 350.0pt x 79.29268pt.


LaTeX Info: Redefining \. on input line 269.
LaTeX Info: Redefining \% on input line 269.
[31]
Underfull \hbox (badness 10000) detected at line 279
[][][]
 []

 <./classcom_1_1example_1_1aplicacion__3ro_1_1_trama_i_beacon_a7bfb412e2483f9e2
663b5ad5e78f4aee_icgraph.pdf>
<classcom_1_1example_1_1aplicacion__3ro_1_1_trama_i_beacon_a7bfb412e2483f9e2663
b5ad5e78f4aee_icgraph.pdf, id=1111, 835.12pt x 186.6975pt>
File: classcom_1_1example_1_1aplicacion__3ro_1_1_trama_i_beacon_a7bfb412e2483f9
e2663b5ad5e78f4aee_icgraph.pdf Graphic file (type pdf)
<use classcom_1_1example_1_1aplicacion__3ro_1_1_trama_i_beacon_a7bfb412e2483f9e
2663b5ad5e78f4aee_icgraph.pdf>
Package pdftex.def Info: classcom_1_1example_1_1aplicacion__3ro_1_1_trama_i_bea
con_a7bfb412e2483f9e2663b5ad5e78f4aee_icgraph.pdf  used on input line 287.
(pdftex.def)             Requested size: 350.0pt x 78.24718pt.

Underfull \hbox (badness 10000) detected at line 300
[][][]
 []

 <./classcom_1_1example_1_1aplicacion__3ro_1_1_trama_i_beacon_ab595b7ac95c77d25
006ef6995bf945c5_icgraph.pdf>
<classcom_1_1example_1_1aplicacion__3ro_1_1_trama_i_beacon_ab595b7ac95c77d25006
ef6995bf945c5_icgraph.pdf, id=1119, 821.0675pt x 186.6975pt>
File: classcom_1_1example_1_1aplicacion__3ro_1_1_trama_i_beacon_ab595b7ac95c77d
25006ef6995bf945c5_icgraph.pdf Graphic file (type pdf)
<use classcom_1_1example_1_1aplicacion__3ro_1_1_trama_i_beacon_ab595b7ac95c77d2
5006ef6995bf945c5_icgraph.pdf>
Package pdftex.def Info: classcom_1_1example_1_1aplicacion__3ro_1_1_trama_i_bea
con_ab595b7ac95c77d25006ef6995bf945c5_icgraph.pdf  used on input line 308.
(pdftex.def)             Requested size: 350.0pt x 79.58325pt.


LaTeX Info: Redefining \. on input line 322.
LaTeX Info: Redefining \% on input line 322.
[32]

LaTeX Info: Redefining \. on input line 416.
LaTeX Info: Redefining \% on input line 416.
[33]) (./classcom_1_1example_1_1aplicacion__3ro_1_1_utilidades.tex

LaTeX Info: Redefining \. on input line 29.
LaTeX Info: Redefining \% on input line 29.
[34]
Underfull \hbox (badness 10000) detected at line 56
[][][]
 []

 <./classcom_1_1example_1_1aplicacion__3ro_1_1_utilidades_a9000b2f234bfb011edad
69d2a491e565_icgraph.pdf>
<classcom_1_1example_1_1aplicacion__3ro_1_1_utilidades_a9000b2f234bfb011edad69d
2a491e565_icgraph.pdf, id=1154, 840.13875pt x 205.76875pt>
File: classcom_1_1example_1_1aplicacion__3ro_1_1_utilidades_a9000b2f234bfb011ed
ad69d2a491e565_icgraph.pdf Graphic file (type pdf)
<use classcom_1_1example_1_1aplicacion__3ro_1_1_utilidades_a9000b2f234bfb011eda
d69d2a491e565_icgraph.pdf>
Package pdftex.def Info: classcom_1_1example_1_1aplicacion__3ro_1_1_utilidades_
a9000b2f234bfb011edad69d2a491e565_icgraph.pdf  used on input line 64.
(pdftex.def)             Requested size: 350.0pt x 85.7221pt.


LaTeX Info: Redefining \. on input line 69.
LaTeX Info: Redefining \% on input line 69.
[35]
Underfull \hbox (badness 10000) detected at line 82
[][][]
 []

 <./classcom_1_1example_1_1aplicacion__3ro_1_1_utilidades_a37674dd9a227ec0e2b7c
d43984dd667f_icgraph.pdf>
<classcom_1_1example_1_1aplicacion__3ro_1_1_utilidades_a37674dd9a227ec0e2b7cd43
984dd667f_icgraph.pdf, id=1178, 808.01875pt x 186.6975pt>
File: classcom_1_1example_1_1aplicacion__3ro_1_1_utilidades_a37674dd9a227ec0e2b
7cd43984dd667f_icgraph.pdf Graphic file (type pdf)
<use classcom_1_1example_1_1aplicacion__3ro_1_1_utilidades_a37674dd9a227ec0e2b7
cd43984dd667f_icgraph.pdf>
Package pdftex.def Info: classcom_1_1example_1_1aplicacion__3ro_1_1_utilidades_
a37674dd9a227ec0e2b7cd43984dd667f_icgraph.pdf  used on input line 90.
(pdftex.def)             Requested size: 350.0pt x 80.8709pt.


LaTeX Info: Redefining \. on input line 109.
LaTeX Info: Redefining \% on input line 109.
[36]
Underfull \hbox (badness 10000) detected at line 110
[][][]
 []


Underfull \hbox (badness 10000) detected at line 133
[][][]
 []

 <./classcom_1_1example_1_1aplicacion__3ro_1_1_utilidades_acc3e47a8be450a32c51d
2f5b3a223b9e_icgraph.pdf>
<classcom_1_1example_1_1aplicacion__3ro_1_1_utilidades_acc3e47a8be450a32c51d2f5
b3a223b9e_icgraph.pdf, id=1196, 777.90625pt x 149.55875pt>
File: classcom_1_1example_1_1aplicacion__3ro_1_1_utilidades_acc3e47a8be450a32c5
1d2f5b3a223b9e_icgraph.pdf Graphic file (type pdf)
<use classcom_1_1example_1_1aplicacion__3ro_1_1_utilidades_acc3e47a8be450a32c51
d2f5b3a223b9e_icgraph.pdf>
Package pdftex.def Info: classcom_1_1example_1_1aplicacion__3ro_1_1_utilidades_
acc3e47a8be450a32c51d2f5b3a223b9e_icgraph.pdf  used on input line 141.
(pdftex.def)             Requested size: 350.0pt x 67.29167pt.

Underfull \hbox (badness 10000) detected at line 159
[][][]
 []

 <./classcom_1_1example_1_1aplicacion__3ro_1_1_utilidades_af15c1fe4858b4ebcfd1d
f6b679bc73a0_icgraph.pdf>
<classcom_1_1example_1_1aplicacion__3ro_1_1_utilidades_af15c1fe4858b4ebcfd1df6b
679bc73a0_icgraph.pdf, id=1204, 822.07124pt x 224.84pt>
File: classcom_1_1example_1_1aplicacion__3ro_1_1_utilidades_af15c1fe4858b4ebcfd
1df6b679bc73a0_icgraph.pdf Graphic file (type pdf)
<use classcom_1_1example_1_1aplicacion__3ro_1_1_utilidades_af15c1fe4858b4ebcfd1
df6b679bc73a0_icgraph.pdf>
Package pdftex.def Info: classcom_1_1example_1_1aplicacion__3ro_1_1_utilidades_
af15c1fe4858b4ebcfd1df6b679bc73a0_icgraph.pdf  used on input line 167.
(pdftex.def)             Requested size: 350.0pt x 95.72556pt.


LaTeX Info: Redefining \. on input line 170.
LaTeX Info: Redefining \% on input line 170.
[37]
Underfull \hbox (badness 10000) detected at line 189
[][][]
 []

 <./classcom_1_1example_1_1aplicacion__3ro_1_1_utilidades_a145453c662ae7d6843ca
29102150bfd8_icgraph.pdf>
<classcom_1_1example_1_1aplicacion__3ro_1_1_utilidades_a145453c662ae7d6843ca291
02150bfd8_icgraph.pdf, id=1222, 430.60875pt x 162.6075pt>
File: classcom_1_1example_1_1aplicacion__3ro_1_1_utilidades_a145453c662ae7d6843
ca29102150bfd8_icgraph.pdf Graphic file (type pdf)
<use classcom_1_1example_1_1aplicacion__3ro_1_1_utilidades_a145453c662ae7d6843c
a29102150bfd8_icgraph.pdf>
Package pdftex.def Info: classcom_1_1example_1_1aplicacion__3ro_1_1_utilidades_
a145453c662ae7d6843ca29102150bfd8_icgraph.pdf  used on input line 197.
(pdftex.def)             Requested size: 350.0pt x 132.17036pt.


LaTeX Info: Redefining \. on input line 214.
LaTeX Info: Redefining \% on input line 214.
[38]
Underfull \hbox (badness 10000) detected at line 215
[][][]
 []


Underfull \hbox (badness 10000) detected at line 235
[][][]
 []

 <./classcom_1_1example_1_1aplicacion__3ro_1_1_utilidades_a902d54feca45a0bee15f
29fa08afb66a_cgraph.pdf>
<classcom_1_1example_1_1aplicacion__3ro_1_1_utilidades_a902d54feca45a0bee15f29f
a08afb66a_cgraph.pdf, id=1239, 401.5pt x 112.42pt>
File: classcom_1_1example_1_1aplicacion__3ro_1_1_utilidades_a902d54feca45a0bee1
5f29fa08afb66a_cgraph.pdf Graphic file (type pdf)
<use classcom_1_1example_1_1aplicacion__3ro_1_1_utilidades_a902d54feca45a0bee15
f29fa08afb66a_cgraph.pdf>
Package pdftex.def Info: classcom_1_1example_1_1aplicacion__3ro_1_1_utilidades_
a902d54feca45a0bee15f29fa08afb66a_cgraph.pdf  used on input line 248.
(pdftex.def)             Requested size: 350.0pt x 98.00702pt.
 <./classcom_1_1example_1_1aplicacion__3ro_1_1_utilidades_a902d54feca45a0bee15f
29fa08afb66a_icgraph.pdf>
<classcom_1_1example_1_1aplicacion__3ro_1_1_utilidades_a902d54feca45a0bee15f29f
a08afb66a_icgraph.pdf, id=1247, 601.24625pt x 149.55875pt>
File: classcom_1_1example_1_1aplicacion__3ro_1_1_utilidades_a902d54feca45a0bee1
5f29fa08afb66a_icgraph.pdf Graphic file (type pdf)
<use classcom_1_1example_1_1aplicacion__3ro_1_1_utilidades_a902d54feca45a0bee15
f29fa08afb66a_icgraph.pdf>
Package pdftex.def Info: classcom_1_1example_1_1aplicacion__3ro_1_1_utilidades_
a902d54feca45a0bee15f29fa08afb66a_icgraph.pdf  used on input line 256.
(pdftex.def)             Requested size: 350.0pt x 87.06361pt.


LaTeX Info: Redefining \. on input line 273.
LaTeX Info: Redefining \% on input line 273.
[39]

LaTeX Info: Redefining \. on input line 273.
LaTeX Info: Redefining \% on input line 273.
[40]
Underfull \hbox (badness 10000) detected at line 274
[][][]
 []

 <./classcom_1_1example_1_1aplicacion__3ro_1_1_utilidades_a3218c1b923dab50ff6e7
69c9694cff81_cgraph.pdf>
<classcom_1_1example_1_1aplicacion__3ro_1_1_utilidades_a3218c1b923dab50ff6e769c
9694cff81_cgraph.pdf, id=1269, 436.63126pt x 162.6075pt>
File: classcom_1_1example_1_1aplicacion__3ro_1_1_utilidades_a3218c1b923dab50ff6
e769c9694cff81_cgraph.pdf Graphic file (type pdf)
<use classcom_1_1example_1_1aplicacion__3ro_1_1_utilidades_a3218c1b923dab50ff6e
769c9694cff81_cgraph.pdf>
Package pdftex.def Info: classcom_1_1example_1_1aplicacion__3ro_1_1_utilidades_
a3218c1b923dab50ff6e769c9694cff81_cgraph.pdf  used on input line 282.
(pdftex.def)             Requested size: 350.0pt x 130.34421pt.

Underfull \hbox (badness 10000) detected at line 300
[][][]
 []

 <./classcom_1_1example_1_1aplicacion__3ro_1_1_utilidades_a853264dd1b562c7226bb
2d9b07110d97_cgraph.pdf>
<classcom_1_1example_1_1aplicacion__3ro_1_1_utilidades_a853264dd1b562c7226bb2d9
b07110d97_cgraph.pdf, id=1277, 412.54124pt x 162.6075pt>
File: classcom_1_1example_1_1aplicacion__3ro_1_1_utilidades_a853264dd1b562c7226
bb2d9b07110d97_cgraph.pdf Graphic file (type pdf)
<use classcom_1_1example_1_1aplicacion__3ro_1_1_utilidades_a853264dd1b562c7226b
b2d9b07110d97_cgraph.pdf>
Package pdftex.def Info: classcom_1_1example_1_1aplicacion__3ro_1_1_utilidades_
a853264dd1b562c7226bb2d9b07110d97_cgraph.pdf  used on input line 308.
(pdftex.def)             Requested size: 350.0pt x 137.95898pt.
)

LaTeX Info: Redefining \. on input line 252.
LaTeX Info: Redefining \% on input line 252.
[41]

LaTeX Info: Redefining \. on input line 252.
LaTeX Info: Redefining \% on input line 252.
[42

]
Cap\'{\i }tulo 7.
(./_api_service_8java.tex <./_api_service_8java__incl.pdf>
<_api_service_8java__incl.pdf, id=1298, 273.02pt x 180.675pt>
File: _api_service_8java__incl.pdf Graphic file (type pdf)
<use _api_service_8java__incl.pdf>
Package pdftex.def Info: _api_service_8java__incl.pdf  used on input line 9.
(pdftex.def)             Requested size: 272.0pt x 180.01013pt.
)
(./_main_activity_8java.tex <./_main_activity_8java__incl.pdf>
<_main_activity_8java__incl.pdf, id=1308, 279.0425pt x 180.675pt>
File: _main_activity_8java__incl.pdf Graphic file (type pdf)
<use _main_activity_8java__incl.pdf>
Package pdftex.def Info: _main_activity_8java__incl.pdf  used on input line 9.
(pdftex.def)             Requested size: 278.0pt x 180.00462pt.


[43]) (./_medicion_8java.tex) (./_trama_i_beacon_8java.tex <./_trama_i_beacon_8
java__incl.pdf>
<_trama_i_beacon_8java__incl.pdf, id=1330, 290.08376pt x 180.675pt>
File: _trama_i_beacon_8java__incl.pdf Graphic file (type pdf)
<use _trama_i_beacon_8java__incl.pdf>
Package pdftex.def Info: _trama_i_beacon_8java__incl.pdf  used on input line 9.

(pdftex.def)             Requested size: 289.0pt x 180.01013pt.


LaTeX Info: Redefining \. on input line 12.
LaTeX Info: Redefining \% on input line 12.
[44]) (./_utilidades_8java.tex <./_utilidades_8java__incl.pdf>
<_utilidades_8java__incl.pdf, id=1350, 270.00874pt x 180.675pt>
File: _utilidades_8java__incl.pdf Graphic file (type pdf)
<use _utilidades_8java__incl.pdf>
Package pdftex.def Info: _utilidades_8java__incl.pdf  used on input line 9.
(pdftex.def)             Requested size: 269.0pt x 180.00462pt.


LaTeX Info: Redefining \. on input line 16.
LaTeX Info: Redefining \% on input line 16.

Package fancyhdr Warning: \headheight is too small (12.0pt): 
(fancyhdr)                Make it at least 22.16548pt, for example:
(fancyhdr)                \setlength{\headheight}{22.16548pt}.
(fancyhdr)                You might also make \topmargin smaller to compensate:

(fancyhdr)                \addtolength{\topmargin}{-10.16548pt}.

[45])

LaTeX Info: Redefining \. on input line 260.
LaTeX Info: Redefining \% on input line 260.
[46] (./refman.ind
LaTeX Font Info:    Font shape `T1/phv/m/n' will be
(Font)              scaled to size 22.39185pt on input line 1.

Overfull \hbox (172.07475pt too wide) in paragraph at lines 18--20
[]\T1/phv/m/n/10 BTLEAlumnos2021/Aplicacion_3ro/app/src/main/java/com/example/a
plicacion_3ro/ApiService.java,
 []


Overfull \hbox (176.03462pt too wide) in paragraph at lines 20--22
[]\T1/phv/m/n/10 BTLEAlumnos2021/Aplicacion_3ro/app/src/main/java/com/example/a
plicacion_3ro/MainActivity.java,
 []


Overfull \hbox (164.93788pt too wide) in paragraph at lines 22--24
[]\T1/phv/m/n/10 BTLEAlumnos2021/Aplicacion_3ro/app/src/main/java/com/example/a
plicacion_3ro/Medicion.java,
 []


Overfull \hbox (186.78049pt too wide) in paragraph at lines 24--26
[]\T1/phv/m/n/10 BTLEAlumnos2021/Aplicacion_3ro/app/src/main/java/com/example/a
plicacion_3ro/TramaIBeacon.java,
 []


Overfull \hbox (168.30383pt too wide) in paragraph at lines 26--28
[]\T1/phv/m/n/10 BTLEAlumnos2021/Aplicacion_3ro/app/src/main/java/com/example/a
plicacion_3ro/Utilidades.java,
 []


Underfull \hbox (badness 10000) in paragraph at lines 56--58
[]| \T1/phv/m/n/10 bo-ton-De-te-ner-Bus-que-da-Dis-po-si-ti-vosBTLE-Pul-sa-do,
 []





[47



]



LaTeX Info: Redefining \. on input line 254.
LaTeX Info: Redefining \% on input line 254.
[48]



LaTeX Info: Redefining \. on input line 258.
LaTeX Info: Redefining \% on input line 258.
[49

]) (./refman.aux
LaTeX Info: Redefining \. on input line 9.
LaTeX Info: Redefining \% on input line 9.
)
 ***********
LaTeX2e <2024-06-01> patch level 2
L3 programming layer <2024-09-10>
 ***********
Package rerunfilecheck Info: File `refman.out' has not changed.
(rerunfilecheck)             Checksum: E743984629FCD05343FEEC81B6EA15A1;24091.
 ) 
Here is how much of TeX's memory you used:
 20123 strings out of 473579
 361820 string characters out of 5732263
 771085 words of memory out of 5000000
 42335 multiletter control sequences out of 15000+600000
 617539 words of font info for 105 fonts, out of 8000000 for 9000
 1141 hyphenation exceptions out of 8191
 101i,16n,117p,713b,796s stack positions out of 10000i,1000n,20000p,200000b,200000s
<c:/texlive/2024/texmf-dist/fonts/type1/public/amsfonts/cm/cmmi10.pfb><c:/tex
live/2024/texmf-dist/fonts/type1/public/amsfonts/cm/cmmi7.pfb><c:/texlive/2024/
texmf-dist/fonts/type1/public/amsfonts/cm/cmmi8.pfb><c:/texlive/2024/texmf-dist
/fonts/type1/public/amsfonts/cm/cmsy7.pfb><c:/texlive/2024/texmf-dist/fonts/typ
e1/urw/courier/ucrr8a.pfb><c:/texlive/2024/texmf-dist/fonts/type1/urw/courier/u
crro8a.pfb><c:/texlive/2024/texmf-dist/fonts/type1/urw/helvetic/uhvb8a.pfb><c:/
texlive/2024/texmf-dist/fonts/type1/urw/helvetic/uhvb8ac.pfb><c:/texlive/2024/t
exmf-dist/fonts/type1/urw/helvetic/uhvr8a.pfb><c:/texlive/2024/texmf-dist/fonts
/type1/urw/helvetic/uhvro8a.pfb>
Output written on refman.pdf (55 pages, 942427 bytes).
PDF statistics:
 1644 PDF objects out of 1728 (max. 8388607)
 1427 compressed objects within 15 object streams
 317 named destinations out of 1000 (max. 500000)
 1012 words of extra memory for PDF output out of 10000 (max. 10000000)

